1700672911405	geckodriver	INFO	Listening on 127.0.0.1:60333
1700672914431	mozrunner::runner	INFO	Running command: "C:\\Program Files\\Mozilla Firefox\\firefox.exe" "--marionette" "--remote-debugging-port" "60334" "--remote-allow-hosts" "localhost" "-no-remote" "-profile" "C:\\Users\\almog\\AppData\\Local\\Temp\\rust_mozprofile3eh9xX"
console.warn: services.settings: Ignoring preference override of remote settings server
console.warn: services.settings: Allow by setting MOZ_REMOTE_SETTINGS_DEVTOOLS=1 in the environment
1700672915632	Marionette	INFO	Marionette enabled
Dynamically enable window occlusion 0
1700672915754	Marionette	INFO	Listening on port 60345
Read port: 60345
WebDriver BiDi listening on ws://127.0.0.1:60334
1700672915941	RemoteAgent	WARN	TLS certificate errors will be ignored for this session
DevTools listening on ws://127.0.0.1:60334/devtools/browser/c034d996-5e2b-44cb-a381-72f4f8488c5d
1700672925638	Marionette	INFO	Stopped listening on port 60345
JavaScript warning: https://www.google.com/xjs/_/js/k=xjs.hd.en.j7vH50XSWl8.O/am=BAAAAAAAAAAAAAAAAAAAAAQAAAAAEDUQDgFsgACBABBggAAgAICCFKQQBAMAEPBQJgAAgCZAYAhYCogKPOcBAJhAFQAAAAAAEAwAAAAACAAAoAMAACCgEcAAhIBKQAAAAADyACA4ABhEEAAAAAAAAAAAAAABTxAMLkgABAQQAAAAAAAAAAAAAKSkycUAAg/d=1/ed=1/dg=2/rs=ACT90oGV1yXc5exYackOmEXouK7jgdCPvA/ee=cEt90b:ws9Tlc;qddgKe:x4FYXe,d7YSfd;yxTchf:KUM7Z;dtl0hd:lLQWFe;eHDfl:ofjVkb;qaS3gd:yiLg6e;nAFL3:NTMZac,s39S4;oGtAuc:sOXFj;iFQyKf:vfuNJf,QIhFr;SNUn3:ZwDk9d,x8cHvb;io8t5d:sgY6Zb;Oj465e:KG2eXe,KG2eXe;Erl4fe:FloWmf,FloWmf;JsbNhc:Xd8iUd;sP4Vbe:VwDzFe;kMFpHd:OTA3Ae;uY49fb:COQbmf;Pjplud:PoEs9b,EEDORb;QGR0gd:Mlhmy;a56pNe:JEfCwb;Me32dd:MEeYgc;wR5FRb:TtcOte,O1Gjze;pXdRYb:JKoKVe;dIoSBb:ZgGg9b;EmZ2Bf:zr1jrb;NSEoX:lazG7b;eBAeSb:Ck63tb;WCEKNd:I46Hvd;wV5Pjc:L8KGxe;EVNhjf:pw70Gc;sTsDMc:kHVSUb;wQlYve:aLUfP;zOsCQe:Ko78Df;KcokUb:KiuZBf;kbAm9d:MkHyGd;g8nkx:U4MzKc;YV5bee:IvPZ6d;pNsl2d:j9Yuyc;BjwMce:cXX2Wb;KpRAue:Tia57b;jY0zg:Q6tNgc;aZ61od:arTwJ;vfVwPd:lcrkwe;NPKaK:SdcwHb;LBgRLc:XVMNvd,SdcwHb;UyG7Kb:wQd0G;LsNahb:ucGLNb;w9w86d:dt4g2b;coJ8e:KvoW8;oSUNyd:fTfGO,fTfGO,pnvXVc;SMDL4c:fTfGO,pnvXVc;lzgfYb:PI40bd;qZx2Fc:j0xrE;IoGlCf:b5lhvb;w4rSdf:XKiZ9;h3MYod:cEt90b;eO3lse:nFClrf;zaIgPb:Qtpxbd;HMDDWe:G8QUdb;ShpF6e:N0pvGc;k2Qxcb:XY51pe;IBADCc:RYquRb;pKJiXd:VCenhc;rQSrae:C6D5Fc;kCQyJ:ueyPK;EABSZ:MXZt9d;qavrXe:zQzcXe;TxfV6d:YORN0b;UDrY1c:eps46d;F9mqte:UoRcbe;GleZL:J1A7Od;Nyt6ic:jn2sGd;JXS8fb:Qj0suc;w3bZCb:ZPGaIb;VGRfx:VFqbr;G0KhTb:LIaoZ;XUezZ:sa7lqb;aAJE9c:WHW6Ef;V2HTTe:RolTY;Wfmdue:g3MJlb;imqimf:jKGL2e;BgS6mb:fidj5d;gtVSi:ekUOYd;KQzWid:ZMKkN;UVmjEd:EesRsb;z97YGf:oug9te;AfeaP:TkrAjf;eBZ5Nd:audvde;CxXAWb:YyRLvc;VN6jIc:ddQyuf;OgagBe:cNTe0;SLtqO:Kh1xYe;tosKvd:ZCqP3;VOcgDe:YquhTb;uuQkY:u2V3ud;WDGyFe:jcVOxd;trZL0b:qY8PFe;VxQ32b:k0XsBb;DULqB:RKfG5c;Np8Qkd:Dpx6qc;bcPXSc:gSZLJb;cFTWae:gT8qnd;gaub4:TN6bMe;xBbsrc:NEW1Qc;DpcR3d:zL72xf;hjRo6e:F62sG;yGxLoc:FmAr0c;pj82le:mg5CW;dLlj2:Qqt3Gf;oUlnpc:RagDlc;Q1Ow7b:x5CSu;bFZ6gf:RsDQqe;ESrPQc:mNTJvc;R9Ulx:CR7Ufe;KOxcK:bFOvTc;G6wU6e:hezEbd;okUaUd:wItadb;ZWEUA:afR4Cf;U96pRd:FsR04;heHB1:sFczq;Fmv9Nc:O1Tzwc;hK67qb:QWEO5b;BMxAGc:E5bFse;R4IIIb:QWfeKf;whEZac:F4AmNb;tH4IIe:Ymry6;lkq0A:JyBE3e;daB6be:lMxGPd;LEikZe:byfTOb,lsjVmc/m=cdos,cr,hsm,jsa,mb4ZUb,d,csi,cEt90b,SNUn3,qddgKe,sTsDMc,dtl0hd,eHDfl, line 628: Script terminated by timeout at:
tCa@https://www.google.com/xjs/_/js/k=xjs.hd.en.j7vH50XSWl8.O/am=BAAAAAAAAAAAAAAAAAAAAAQAAAAAEDUQDgFsgACBABBggAAgAICCFKQQBAMAEPBQJgAAgCZAYAhYCogKPOcBAJhAFQAAAAAAEAwAAAAACAAAoAMAACCgEcAAhIBKQAAAAADyACA4ABhEEAAAAAAAAAAAAAABTxAMLkgABAQQAAAAAAAAAAAAAKSkycUAAg/d=1/ed=1/dg=2/rs=ACT90oGV1yXc5exYackOmEXouK7jgdCPvA/ee=cEt90b:ws9Tlc;qddgKe:x4FYXe,d7YSfd;yxTchf:KUM7Z;dtl0hd:lLQWFe;eHDfl:ofjVkb;qaS3gd:yiLg6e;nAFL3:NTMZac,s39S4;oGtAuc:sOXFj;iFQyKf:vfuNJf,QIhFr;SNUn3:ZwDk9d,x8cHvb;io8t5d:sgY6Zb;Oj465e:KG2eXe,KG2eXe;Erl4fe:FloWmf,FloWmf;JsbNhc:Xd8iUd;sP4Vbe:VwDzFe;kMFpHd:OTA3Ae;uY49fb:COQbmf;Pjplud:PoEs9b,EEDORb;QGR0gd:Mlhmy;a56pNe:JEfCwb;Me32dd:MEeYgc;wR5FRb:TtcOte,O1Gjze;pXdRYb:JKoKVe;dIoSBb:ZgGg9b;EmZ2Bf:zr1jrb;NSEoX:lazG7b;eBAeSb:Ck63tb;WCEKNd:I46Hvd;wV5Pjc:L8KGxe;EVNhjf:pw70Gc;sTsDMc:kHVSUb;wQlYve:aLUfP;zOsCQe:Ko78Df;KcokUb:KiuZBf;kbAm9d:MkHyGd;g8nkx:U4MzKc;YV5bee:IvPZ6d;pNsl2d:j9Yuyc;BjwMce:cXX2Wb;KpRAue:Tia57b;jY0zg:Q6tNgc;aZ61od:arTwJ;vfVwPd:lcrkwe;NPKaK:SdcwHb;LBgRLc:XVMNvd,SdcwHb;UyG7Kb:wQd0G;LsNahb:ucGLNb;w9w86d:dt4g2b;coJ8e:KvoW8;oSUNyd:fTfGO,fTfGO,pnvXVc;SMDL4c:fTfGO,pnvXVc;lzgfYb:PI40bd;qZx2Fc:j0xrE;IoGlCf:b5lhvb;w4rSdf:XKiZ9;h3MYod:cEt90b;eO3lse:nFClrf;zaIgPb:Qtpxbd;HMDDWe:G8QUdb;ShpF6e:N0pvGc;k2Qxcb:XY51pe;IBADCc:RYquRb;pKJiXd:VCenhc;rQSrae:C6D5Fc;kCQyJ:ueyPK;EABSZ:MXZt9d;qavrXe:zQzcXe;TxfV6d:YORN0b;UDrY1c:eps46d;F9mqte:UoRcbe;GleZL:J1A7Od;Nyt6ic:jn2sGd;JXS8fb:Qj0suc;w3bZCb:ZPGaIb;VGRfx:VFqbr;G0KhTb:LIaoZ;XUezZ:sa7lqb;aAJE9c:WHW6Ef;V2HTTe:RolTY;Wfmdue:g3MJlb;imqimf:jKGL2e;BgS6mb:fidj5d;gtVSi:ekUOYd;KQzWid:ZMKkN;UVmjEd:EesRsb;z97YGf:oug9te;AfeaP:TkrAjf;eBZ5Nd:audvde;CxXAWb:YyRLvc;VN6jIc:ddQyuf;OgagBe:cNTe0;SLtqO:Kh1xYe;tosKvd:ZCqP3;VOcgDe:YquhTb;uuQkY:u2V3ud;WDGyFe:jcVOxd;trZL0b:qY8PFe;VxQ32b:k0XsBb;DULqB:RKfG5c;Np8Qkd:Dpx6qc;bcPXSc:gSZLJb;cFTWae:gT8qnd;gaub4:TN6bMe;xBbsrc:NEW1Qc;DpcR3d:zL72xf;hjRo6e:F62sG;yGxLoc:FmAr0c;pj82le:mg5CW;dLlj2:Qqt3Gf;oUlnpc:RagDlc;Q1Ow7b:x5CSu;bFZ6gf:RsDQqe;ESrPQc:mNTJvc;R9Ulx:CR7Ufe;KOxcK:bFOvTc;G6wU6e:hezEbd;okUaUd:wItadb;ZWEUA:afR4Cf;U96pRd:FsR04;heHB1:sFczq;Fmv9Nc:O1Tzwc;hK67qb:QWEO5b;BMxAGc:E5bFse;R4IIIb:QWfeKf;whEZac:F4AmNb;tH4IIe:Ymry6;lkq0A:JyBE3e;daB6be:lMxGPd;LEikZe:byfTOb,lsjVmc/m=cdos,cr,hsm,jsa,mb4ZUb,d,csi,cEt90b,SNUn3,qddgKe,sTsDMc,dtl0hd,eHDfl:628:320
_.Wd.prototype.ev@https://www.google.com/xjs/_/js/k=xjs.hd.en.j7vH50XSWl8.O/am=BAAAAAAAAAAAAAAAAAAAAAQAAAAAEDUQDgFsgACBABBggAAgAICCFKQQBAMAEPBQJgAAgCZAYAhYCogKPOcBAJhAFQAAAAAAEAwAAAAACAAAoAMAACCgEcAAhIBKQAAAAADyACA4ABhEEAAAAAAAAAAAAAABTxAMLkgABAQQAAAAAAAAAAAAAKSkycUAAg/d=1/ed=1/dg=2/rs=ACT90oGV1yXc5exYackOmEXouK7jgdCPvA/ee=cEt90b:ws9Tlc;qddgKe:x4FYXe,d7YSfd;yxTchf:KUM7Z;dtl0hd:lLQWFe;eHDfl:ofjVkb;qaS3gd:yiLg6e;nAFL3:NTMZac,s39S4;oGtAuc:sOXFj;iFQyKf:vfuNJf,QIhFr;SNUn3:ZwDk9d,x8cHvb;io8t5d:sgY6Zb;Oj465e:KG2eXe,KG2eXe;Erl4fe:FloWmf,FloWmf;JsbNhc:Xd8iUd;sP4Vbe:VwDzFe;kMFpHd:OTA3Ae;uY49fb:COQbmf;Pjplud:PoEs9b,EEDORb;QGR0gd:Mlhmy;a56pNe:JEfCwb;Me32dd:MEeYgc;wR5FRb:TtcOte,O1Gjze;pXdRYb:JKoKVe;dIoSBb:ZgGg9b;EmZ2Bf:zr1jrb;NSEoX:lazG7b;eBAeSb:Ck63tb;WCEKNd:I46Hvd;wV5Pjc:L8KGxe;EVNhjf:pw70Gc;sTsDMc:kHVSUb;wQlYve:aLUfP;zOsCQe:Ko78Df;KcokUb:KiuZBf;kbAm9d:MkHyGd;g8nkx:U4MzKc;YV5bee:IvPZ6d;pNsl2d:j9Yuyc;BjwMce:cXX2Wb;KpRAue:Tia57b;jY0zg:Q6tNgc;aZ61od:arTwJ;vfVwPd:lcrkwe;NPKaK:SdcwHb;LBgRLc:XVMNvd,SdcwHb;UyG7Kb:wQd0G;LsNahb:ucGLNb;w9w86d:dt4g2b;coJ8e:KvoW8;oSUNyd:fTfGO,fTfGO,pnvXVc;SMDL4c:fTfGO,pnvXVc;lzgfYb:PI40bd;qZx2Fc:j0xrE;IoGlCf:b5lhvb;w4rSdf:XKiZ9;h3MYod:cEt90b;eO3lse:nFClrf;zaIgPb:Qtpxbd;HMDDWe:G8QUdb;ShpF6e:N0pvGc;k2Qxcb:XY51pe;IBADCc:RYquRb;pKJiXd:VCenhc;rQSrae:C6D5Fc;kCQyJ:ueyPK;EABSZ:MXZt9d;qavrXe:zQzcXe;TxfV6d:YORN0b;UDrY1c:eps46d;F9mqte:UoRcbe;GleZL:J1A7Od;Nyt6ic:jn2sGd;JXS8fb:Qj0suc;w3bZCb:ZPGaIb;VGRfx:VFqbr;G0KhTb:LIaoZ;XUezZ:sa7lqb;aAJE9c:WHW6Ef;V2HTTe:RolTY;Wfmdue:g3MJlb;imqimf:jKGL2e;BgS6mb:fidj5d;gtVSi:ekUOYd;KQzWid:ZMKkN;UVmjEd:EesRsb;z97YGf:oug9te;AfeaP:TkrAjf;eBZ5Nd:audvde;CxXAWb:YyRLvc;VN6jIc:ddQyuf;OgagBe:cNTe0;SLtqO:Kh1xYe;tosKvd:ZCqP3;VOcgDe:YquhTb;uuQkY:u2V3ud;WDGyFe:jcVOxd;trZL0b:qY8PFe;VxQ32b:k0XsBb;DULqB:RKfG5c;Np8Qkd:Dpx6qc;bcPXSc:gSZLJb;cFTWae:gT8qnd;gaub4:TN6bMe;xBbsrc:NEW1Qc;DpcR3d:zL72xf;hjRo6e:F62sG;yGxLoc:FmAr0c;pj82le:mg5CW;dLlj2:Qqt3Gf;oUlnpc:RagDlc;Q1Ow7b:x5CSu;bFZ6gf:RsDQqe;ESrPQc:mNTJvc;R9Ulx:CR7Ufe;KOxcK:bFOvTc;G6wU6e:hezEbd;okUaUd:wItadb;ZWEUA:afR4Cf;U96pRd:FsR04;heHB1:sFczq;Fmv9Nc:O1Tzwc;hK67qb:QWEO5b;BMxAGc:E5bFse;R4IIIb:QWfeKf;whEZac:F4AmNb;tH4IIe:Ymry6;lkq0A:JyBE3e;daB6be:lMxGPd;LEikZe:byfTOb,lsjVmc/m=cdos,cr,hsm,jsa,mb4ZUb,d,csi,cEt90b,SNUn3,qddgKe,sTsDMc,dtl0hd,eHDfl:645:271
zTb@https://www.google.com/xjs/_/js/k=xjs.hd.en.j7vH50XSWl8.O/ck=xjs.hd.VSvrA3Bs89c.R.F4.O/am=BAAAAAAAAAAAAAAAAAAAAAQAAAAAEDUQDgFsgACBABBggAAgAICCFKQQBAMAEPBQJgAAgCZAYAhYCogKPOcBAJhAFQAAAAAAEAwAAAAACAAAoAMAACCgEcAAhIBKQAAAAADyACA4ABhEEAAAAAAAAAAAAAABTxAMLkgABAQQAAAAAAAAAAAAAKSkycUAAg/d=1/exm=SNUn3,cEt90b,cdos,cr,csi,d,dtl0hd,eHDfl,hsm,jsa,mb4ZUb,qddgKe,sTsDMc/ed=1/dg=2/ujg=1/rs=ACT90oEa_HQYfCAZ3SpqwCNV_P-M8VkRfw/ee=AfeaP:TkrAjf;BMxAGc:E5bFse;BgS6mb:fidj5d;BjwMce:cXX2Wb;CxXAWb:YyRLvc;DULqB:RKfG5c;DpcR3d:zL72xf;EABSZ:MXZt9d;ESrPQc:mNTJvc;EVNhjf:pw70Gc;EmZ2Bf:zr1jrb;Erl4fe:FloWmf;F9mqte:UoRcbe;Fmv9Nc:O1Tzwc;G0KhTb:LIaoZ;G6wU6e:hezEbd;GleZL:J1A7Od;HMDDWe:G8QUdb;IBADCc:RYquRb;IoGlCf:b5lhvb;JXS8fb:Qj0suc;JsbNhc:Xd8iUd;KOxcK:bFOvTc;KQzWid:ZMKkN;KcokUb:KiuZBf;KpRAue:Tia57b;LBgRLc:SdcwHb,XVMNvd;LEikZe:byfTOb,lsjVmc;LsNahb:ucGLNb;Me32dd:MEeYgc;NPKaK:SdcwHb;NSEoX:lazG7b;Np8Qkd:Dpx6qc;Nyt6ic:jn2sGd;OgagBe:cNTe0;Oj465e:KG2eXe;Pjplud:EEDORb,PoEs9b;Q1Ow7b:x5CSu;QGR0gd:Mlhmy;R4IIIb:QWfeKf;R9Ulx:CR7Ufe;SLtqO:Kh1xYe;SMDL4c:fTfGO,pnvXVc;SNUn3:ZwDk9d,x8cHvb;ShpF6e:N0pvGc;TxfV6d:YORN0b;U96pRd:FsR04;UDrY1c:eps46d;UVmjEd:EesRsb;UyG7Kb:wQd0G;V2HTTe:RolTY;VGRfx:VFqbr;VN6jIc:ddQyuf;VOcgDe:YquhTb;VxQ32b:k0XsBb;WCEKNd:I46Hvd;WDGyFe:jcVOxd;Wfmdue:g3MJlb;XUezZ:sa7lqb;YV5bee:IvPZ6d;ZWEUA:afR4Cf;a56pNe:JEfCwb;aAJE9c:WHW6Ef;aZ61od:arTwJ;bFZ6gf:RsDQqe;bcPXSc:gSZLJb;cEt90b:ws9Tlc;cFTWae:gT8qnd;coJ8e:KvoW8;dIoSBb:ZgGg9b;dLlj2:Qqt3Gf;daB6be:lMxGPd;dtl0hd:lLQWFe;eBAeSb:Ck63tb;eBZ5Nd:audvde;eHDfl:ofjVkb;eO3lse:nFClrf;g8nkx:U4MzKc;gaub4:TN6bMe;gtVSi:ekUOYd;h3MYod:cEt90b;hK67qb:QWEO5b;heHB1:sFczq;hjRo6e:F62sG;iFQyKf:QIhFr,vfuNJf;imqimf:jKGL2e;io8t5d:sgY6Zb;jY0zg:Q6tNgc;k2Qxcb:XY51pe;kCQyJ:ueyPK;kMFpHd:OTA3Ae;kbAm9d:MkHyGd;lkq0A:JyBE3e;lzgfYb:PI40bd;nAFL3:NTMZac,s39S4;oGtAuc:sOXFj;oSUNyd:fTfGO,pnvXVc;oUlnpc:RagDlc;okUaUd:wItadb;pKJiXd:VCenhc;pNsl2d:j9Yuyc;pXdRYb:JKoKVe;pj82le:mg5CW;qZx2Fc:j0xrE;qaS3gd:yiLg6e;qavrXe:zQzcXe;qddgKe:d7YSfd,x4FYXe;rQSrae:C6D5Fc;sP4Vbe:VwDzFe;sTsDMc:kHVSUb;tH4IIe:Ymry6;tosKvd:ZCqP3;trZL0b:qY8PFe;uY49fb:COQbmf;uuQkY:u2V3ud;vfVwPd:lcrkwe;w3bZCb:ZPGaIb;w4rSdf:XKiZ9;w9w86d:dt4g2b;wQlYve:aLUfP;wR5FRb:O1Gjze,TtcOte;wV5Pjc:L8KGxe;whEZac:F4AmNb;xBbsrc:NEW1Qc;yGxLoc:FmAr0c;yxTchf:KUM7Z;z97YGf:oug9te;zOsCQe:Ko78Df;zaIgPb:Qtpxbd/m=B2qlPe,DhPYme,EkevXb,GU4Gab,MpJwZc,NzU6V,UUJqVe,aa,abd,async,epYOx,ms4mZb,mu,pHXghd,q0xTif,s39S4,sOXFj,sb_wiz,sf?xjs=s1:28:77
ATb/<@https://www.google.com/xjs/_/js/k=xjs.hd.en.j7vH50XSWl8.O/ck=xjs.hd.VSvrA3Bs89c.R.F4.O/am=BAAAAAAAAAAAAAAAAAAAAAQAAAAAEDUQDgFsgACBABBggAAgAICCFKQQBAMAEPBQJgAAgCZAYAhYCogKPOcBAJhAFQAAAAAAEAwAAAAACAAAoAMAACCgEcAAhIBKQAAAAADyACA4ABhEEAAAAAAAAAAAAAABTxAMLkgABAQQAAAAAAAAAAAAAKSkycUAAg/d=1/exm=SNUn3,cEt90b,cdos,cr,csi,d,dtl0hd,eHDfl,hsm,jsa,mb4ZUb,qddgKe,sTsDMc/ed=1/dg=2/ujg=1/rs=ACT90oEa_HQYfCAZ3SpqwCNV_P-M8VkRfw/ee=AfeaP:TkrAjf;BMxAGc:E5bFse;BgS6mb:fidj5d;BjwMce:cXX2Wb;CxXAWb:YyRLvc;DULqB:RKfG5c;DpcR3d:zL72xf;EABSZ:MXZt9d;ESrPQc:mNTJvc;EVNhjf:pw70Gc;EmZ2Bf:zr1jrb;Erl4fe:FloWmf;F9mqte:UoRcbe;Fmv9Nc:O1Tzwc;G0KhTb:LIaoZ;G6wU6e:hezEbd;GleZL:J1A7Od;HMDDWe:G8QUdb;IBADCc:RYquRb;IoGlCf:b5lhvb;JXS8fb:Qj0suc;JsbNhc:Xd8iUd;KOxcK:bFOvTc;KQzWid:ZMKkN;KcokUb:KiuZBf;KpRAue:Tia57b;LBgRLc:SdcwHb,XVMNvd;LEikZe:byfTOb,lsjVmc;LsNahb:ucGLNb;Me32dd:MEeYgc;NPKaK:SdcwHb;NSEoX:lazG7b;Np8Qkd:Dpx6qc;Nyt6ic:jn2sGd;OgagBe:cNTe0;Oj465e:KG2eXe;Pjplud:EEDORb,PoEs9b;Q1Ow7b:x5CSu;QGR0gd:Mlhmy;R4IIIb:QWfeKf;R9Ulx:CR7Ufe;SLtqO:Kh1xYe;SMDL4c:fTfGO,pnvXVc;SNUn3:ZwDk9d,x8cHvb;ShpF6e:N0pvGc;TxfV6d:YORN0b;U96pRd:FsR04;UDrY1c:eps46d;UVmjEd:EesRsb;UyG7Kb:wQd0G;V2HTTe:RolTY;VGRfx:VFqbr;VN6jIc:ddQyuf;VOcgDe:YquhTb;VxQ32b:k0XsBb;WCEKNd:I46Hvd;WDGyFe:jcVOxd;Wfmdue:g3MJlb;XUezZ:sa7lqb;YV5bee:IvPZ6d;ZWEUA:afR4Cf;a56pNe:JEfCwb;aAJE9c:WHW6Ef;aZ61od:arTwJ;bFZ6gf:RsDQqe;bcPXSc:gSZLJb;cEt90b:ws9Tlc;cFTWae:gT8qnd;coJ8e:KvoW8;dIoSBb:ZgGg9b;dLlj2:Qqt3Gf;daB6be:lMxGPd;dtl0hd:lLQWFe;eBAeSb:Ck63tb;eBZ5Nd:audvde;eHDfl:ofjVkb;eO3lse:nFClrf;g8nkx:U4MzKc;gaub4:TN6bMe;gtVSi:ekUOYd;h3MYod:cEt90b;hK67qb:QWEO5b;heHB1:sFczq;hjRo6e:F62sG;iFQyKf:QIhFr,vfuNJf;imqimf:jKGL2e;io8t5d:sgY6Zb;jY0zg:Q6tNgc;k2Qxcb:XY51pe;kCQyJ:ueyPK;kMFpHd:OTA3Ae;kbAm9d:MkHyGd;lkq0A:JyBE3e;lzgfYb:PI40bd;nAFL3:NTMZac,s39S4;oGtAuc:sOXFj;oSUNyd:fTfGO,pnvXVc;oUlnpc:RagDlc;okUaUd:wItadb;pKJiXd:VCenhc;pNsl2d:j9Yuyc;pXdRYb:JKoKVe;pj82le:mg5CW;qZx2Fc:j0xrE;qaS3gd:yiLg6e;qavrXe:zQzcXe;qddgKe:d7YSfd,x4FYXe;rQSrae:C6D5Fc;sP4Vbe:VwDzFe;sTsDMc:kHVSUb;tH4IIe:Ymry6;tosKvd:ZCqP3;trZL0b:qY8PFe;uY49fb:COQbmf;uuQkY:u2V3ud;vfVwPd:lcrkwe;w3bZCb:ZPGaIb;w4rSdf:XKiZ9;w9w86d:dt4g2b;wQlYve:aLUfP;wR5FRb:O1Gjze,TtcOte;wV5Pjc:L8KGxe;whEZac:F4AmNb;xBbsrc:NEW1Qc;yGxLoc:FmAr0c;yxTchf:KUM7Z;z97YGf:oug9te;zOsCQe:Ko78Df;zaIgPb:Qtpxbd/m=B2qlPe,DhPYme,EkevXb,GU4Gab,MpJwZc,NzU6V,UUJqVe,aa,abd,async,epYOx,ms4mZb,mu,pHXghd,q0xTif,s39S4,sOXFj,sb_wiz,sf?xjs=s1:27:998

Dynamically enable window occlusion 1
1700672940984	geckodriver	INFO	Listening on 127.0.0.1:60395
1700672943989	mozrunner::runner	INFO	Running command: "C:\\Program Files\\Mozilla Firefox\\firefox.exe" "--marionette" "--remote-debugging-port" "60396" "--remote-allow-hosts" "localhost" "-no-remote" "-profile" "C:\\Users\\almog\\AppData\\Local\\Temp\\rust_mozprofileZk7E0B"
console.warn: services.settings: Ignoring preference override of remote settings server
console.warn: services.settings: Allow by setting MOZ_REMOTE_SETTINGS_DEVTOOLS=1 in the environment
1700672944718	Marionette	INFO	Marionette enabled
Dynamically enable window occlusion 0
1700672944855	Marionette	INFO	Listening on port 60404
Read port: 60404
WebDriver BiDi listening on ws://127.0.0.1:60396
1700672945088	RemoteAgent	WARN	TLS certificate errors will be ignored for this session
DevTools listening on ws://127.0.0.1:60396/devtools/browser/c3892f5c-b50e-49b1-8b00-d54fb579c382
console.warn: LoginRecipes: "Falling back to a synchronous message for: https://www.saucedemo.com."
console.warn: LoginRecipes: "Falling back to a synchronous message for: https://www.saucedemo.com."
1700672953983	Marionette	INFO	Stopped listening on port 60404
Dynamically enable window occlusion 1
1700672964434	geckodriver	INFO	Listening on 127.0.0.1:60436
1700672967448	mozrunner::runner	INFO	Running command: "C:\\Program Files\\Mozilla Firefox\\firefox.exe" "--marionette" "--remote-debugging-port" "60437" "--remote-allow-hosts" "localhost" "-no-remote" "-profile" "C:\\Users\\almog\\AppData\\Local\\Temp\\rust_mozprofileeBKmYI"
console.warn: services.settings: Ignoring preference override of remote settings server
console.warn: services.settings: Allow by setting MOZ_REMOTE_SETTINGS_DEVTOOLS=1 in the environment
1700672968205	Marionette	INFO	Marionette enabled
Dynamically enable window occlusion 0
1700672968350	Marionette	INFO	Listening on port 60448
WebDriver BiDi listening on ws://127.0.0.1:60437
Read port: 60448
1700672968857	RemoteAgent	WARN	TLS certificate errors will be ignored for this session
DevTools listening on ws://127.0.0.1:60437/devtools/browser/627e179b-eb38-4479-92de-66a8b5ce4627
console.warn: LoginRecipes: "Falling back to a synchronous message for: https://www.saucedemo.com."
1700672975174	Marionette	INFO	Stopped listening on port 60448
Dynamically enable window occlusion 1
1700672985143	geckodriver	INFO	Listening on 127.0.0.1:60476
1700672988200	mozrunner::runner	INFO	Running command: "C:\\Program Files\\Mozilla Firefox\\firefox.exe" "--marionette" "--remote-debugging-port" "60477" "--remote-allow-hosts" "localhost" "-no-remote" "-profile" "C:\\Users\\almog\\AppData\\Local\\Temp\\rust_mozprofilex8QhS3"
console.warn: services.settings: Ignoring preference override of remote settings server
console.warn: services.settings: Allow by setting MOZ_REMOTE_SETTINGS_DEVTOOLS=1 in the environment
1700672988804	Marionette	INFO	Marionette enabled
Dynamically enable window occlusion 0
1700672988935	Marionette	INFO	Listening on port 60484
WebDriver BiDi listening on ws://127.0.0.1:60477
Read port: 60484
1700672989306	RemoteAgent	WARN	TLS certificate errors will be ignored for this session
DevTools listening on ws://127.0.0.1:60477/devtools/browser/0c9175d4-d5fe-4ebf-8401-5806beaf8656
console.warn: LoginRecipes: "Falling back to a synchronous message for: https://www.saucedemo.com."
console.warn: LoginRecipes: "Falling back to a synchronous message for: https://www.saucedemo.com."
1700672996856	Marionette	INFO	Stopped listening on port 60484
Dynamically enable window occlusion 1
1700673019863	geckodriver	INFO	Listening on 127.0.0.1:60523
1700673022914	mozrunner::runner	INFO	Running command: "C:\\Program Files\\Mozilla Firefox\\firefox.exe" "--marionette" "--remote-debugging-port" "60524" "--remote-allow-hosts" "localhost" "-no-remote" "-profile" "C:\\Users\\almog\\AppData\\Local\\Temp\\rust_mozprofiler3y4E1"
console.warn: services.settings: Ignoring preference override of remote settings server
console.warn: services.settings: Allow by setting MOZ_REMOTE_SETTINGS_DEVTOOLS=1 in the environment
1700673023517	Marionette	INFO	Marionette enabled
Dynamically enable window occlusion 0
1700673023650	Marionette	INFO	Listening on port 60531
WebDriver BiDi listening on ws://127.0.0.1:60524
Read port: 60531
1700673024011	RemoteAgent	WARN	TLS certificate errors will be ignored for this session
DevTools listening on ws://127.0.0.1:60524/devtools/browser/122b4944-8cc5-45e6-b9de-cb56ac0f1aec
console.warn: LoginRecipes: "Falling back to a synchronous message for: https://www.saucedemo.com."
console.warn: LoginRecipes: "Falling back to a synchronous message for: https://www.saucedemo.com."
1700673037218	Marionette	INFO	Stopped listening on port 60531
Dynamically enable window occlusion 1
1700674234175	geckodriver	INFO	Listening on 127.0.0.1:60790
1700674237232	mozrunner::runner	INFO	Running command: "C:\\Program Files\\Mozilla Firefox\\firefox.exe" "--marionette" "--remote-debugging-port" "60791" "--remote-allow-hosts" "localhost" "-no-remote" "-profile" "C:\\Users\\almog\\AppData\\Local\\Temp\\rust_mozprofileU6jEy4"
console.warn: services.settings: Ignoring preference override of remote settings server
console.warn: services.settings: Allow by setting MOZ_REMOTE_SETTINGS_DEVTOOLS=1 in the environment
1700674237861	Marionette	INFO	Marionette enabled
Dynamically enable window occlusion 0
1700674238013	Marionette	INFO	Listening on port 60798
WebDriver BiDi listening on ws://127.0.0.1:60791
Read port: 60798
1700674238491	RemoteAgent	WARN	TLS certificate errors will be ignored for this session
DevTools listening on ws://127.0.0.1:60791/devtools/browser/16e104fc-1b74-4b09-b26a-6d4847a69f89
1700674246645	Marionette	INFO	Stopped listening on port 60798
JavaScript warning: https://www.google.com/xjs/_/js/k=xjs.hd.en.y4OfnV6DbdY.O/am=AAAAAAAAAAAAAAAAAAAAAAQAAAAAEDUQDgFsgACAABBggAAgAICCCFIIggEAEPBQJgAAgCZAYAgYAogKPEUBAJBAFQAAAAAAEAwAAAAABAAA0AEAABDQCGAAQkAVEAAAAIA8AAgOAAYRBAAAAAAAAAAAACDgCYLBBQmAgAACAAAAAAAAAAAAQEqaXAwg/d=1/ed=1/dg=2/rs=ACT90oEj-4HZVC_lwXuDDq0350ZeLRfTeg/ee=cEt90b:ws9Tlc;qddgKe:x4FYXe,d7YSfd;yxTchf:KUM7Z;dtl0hd:lLQWFe;eHDfl:ofjVkb;qaS3gd:yiLg6e;nAFL3:NTMZac,s39S4;oGtAuc:sOXFj;iFQyKf:vfuNJf,QIhFr;SNUn3:ZwDk9d,x8cHvb;io8t5d:sgY6Zb;Oj465e:KG2eXe,KG2eXe;Erl4fe:FloWmf,FloWmf;JsbNhc:Xd8iUd;sP4Vbe:VwDzFe;kMFpHd:OTA3Ae;uY49fb:COQbmf;Pjplud:PoEs9b,EEDORb;QGR0gd:Mlhmy;a56pNe:JEfCwb;Me32dd:MEeYgc;wR5FRb:TtcOte,O1Gjze;pXdRYb:JKoKVe;dIoSBb:ZgGg9b;EmZ2Bf:zr1jrb;NSEoX:lazG7b;eBAeSb:Ck63tb;WCEKNd:I46Hvd;wV5Pjc:L8KGxe;EVNhjf:pw70Gc;sTsDMc:kHVSUb;wQlYve:aLUfP;zOsCQe:Ko78Df;KcokUb:KiuZBf;kbAm9d:MkHyGd;g8nkx:U4MzKc;YV5bee:IvPZ6d;pNsl2d:j9Yuyc;BjwMce:cXX2Wb;KpRAue:Tia57b;jY0zg:Q6tNgc;aZ61od:arTwJ;vfVwPd:lcrkwe;NPKaK:SdcwHb;LBgRLc:XVMNvd,SdcwHb;UyG7Kb:wQd0G;LsNahb:ucGLNb;w9w86d:dt4g2b;coJ8e:KvoW8;oSUNyd:fTfGO,fTfGO,pnvXVc;SMDL4c:fTfGO,pnvXVc;lzgfYb:PI40bd;qZx2Fc:j0xrE;IoGlCf:b5lhvb;w4rSdf:XKiZ9;h3MYod:cEt90b;eO3lse:nFClrf;zaIgPb:Qtpxbd;HMDDWe:G8QUdb;ShpF6e:N0pvGc;k2Qxcb:XY51pe;IBADCc:RYquRb;pKJiXd:VCenhc;rQSrae:C6D5Fc;kCQyJ:ueyPK;EABSZ:MXZt9d;qavrXe:zQzcXe;TxfV6d:YORN0b;UDrY1c:eps46d;F9mqte:UoRcbe;GleZL:J1A7Od;Nyt6ic:jn2sGd;JXS8fb:Qj0suc;w3bZCb:ZPGaIb;VGRfx:VFqbr;G0KhTb:LIaoZ;XUezZ:sa7lqb;aAJE9c:WHW6Ef;V2HTTe:RolTY;Wfmdue:g3MJlb;imqimf:jKGL2e;BgS6mb:fidj5d;gtVSi:ekUOYd;KQzWid:ZMKkN;UVmjEd:EesRsb;z97YGf:oug9te;AfeaP:TkrAjf;eBZ5Nd:audvde;CxXAWb:YyRLvc;VN6jIc:ddQyuf;OgagBe:cNTe0;SLtqO:Kh1xYe;tosKvd:ZCqP3;VOcgDe:YquhTb;uuQkY:u2V3ud;WDGyFe:jcVOxd;trZL0b:qY8PFe;VxQ32b:k0XsBb;DULqB:RKfG5c;Np8Qkd:Dpx6qc;bcPXSc:gSZLJb;cFTWae:gT8qnd;gaub4:TN6bMe;xBbsrc:NEW1Qc;DpcR3d:zL72xf;hjRo6e:F62sG;yGxLoc:FmAr0c;pj82le:mg5CW;dLlj2:Qqt3Gf;oUlnpc:RagDlc;Q1Ow7b:x5CSu;bFZ6gf:RsDQqe;ESrPQc:mNTJvc;R9Ulx:CR7Ufe;KOxcK:bFOvTc;G6wU6e:hezEbd;okUaUd:wItadb;ZWEUA:afR4Cf;U96pRd:FsR04;heHB1:sFczq;Fmv9Nc:O1Tzwc;hK67qb:QWEO5b;BMxAGc:E5bFse;R4IIIb:QWfeKf;whEZac:F4AmNb;tH4IIe:Ymry6;lkq0A:JyBE3e;daB6be:lMxGPd;LEikZe:byfTOb,lsjVmc/m=cdos,cr,hsm,jsa,mb4ZUb,d,csi,cEt90b,SNUn3,qddgKe,sTsDMc,dtl0hd,eHDfl, line 626: Script terminated by timeout at:
zCa@https://www.google.com/xjs/_/js/k=xjs.hd.en.y4OfnV6DbdY.O/am=AAAAAAAAAAAAAAAAAAAAAAQAAAAAEDUQDgFsgACAABBggAAgAICCCFIIggEAEPBQJgAAgCZAYAgYAogKPEUBAJBAFQAAAAAAEAwAAAAABAAA0AEAABDQCGAAQkAVEAAAAIA8AAgOAAYRBAAAAAAAAAAAACDgCYLBBQmAgAACAAAAAAAAAAAAQEqaXAwg/d=1/ed=1/dg=2/rs=ACT90oEj-4HZVC_lwXuDDq0350ZeLRfTeg/ee=cEt90b:ws9Tlc;qddgKe:x4FYXe,d7YSfd;yxTchf:KUM7Z;dtl0hd:lLQWFe;eHDfl:ofjVkb;qaS3gd:yiLg6e;nAFL3:NTMZac,s39S4;oGtAuc:sOXFj;iFQyKf:vfuNJf,QIhFr;SNUn3:ZwDk9d,x8cHvb;io8t5d:sgY6Zb;Oj465e:KG2eXe,KG2eXe;Erl4fe:FloWmf,FloWmf;JsbNhc:Xd8iUd;sP4Vbe:VwDzFe;kMFpHd:OTA3Ae;uY49fb:COQbmf;Pjplud:PoEs9b,EEDORb;QGR0gd:Mlhmy;a56pNe:JEfCwb;Me32dd:MEeYgc;wR5FRb:TtcOte,O1Gjze;pXdRYb:JKoKVe;dIoSBb:ZgGg9b;EmZ2Bf:zr1jrb;NSEoX:lazG7b;eBAeSb:Ck63tb;WCEKNd:I46Hvd;wV5Pjc:L8KGxe;EVNhjf:pw70Gc;sTsDMc:kHVSUb;wQlYve:aLUfP;zOsCQe:Ko78Df;KcokUb:KiuZBf;kbAm9d:MkHyGd;g8nkx:U4MzKc;YV5bee:IvPZ6d;pNsl2d:j9Yuyc;BjwMce:cXX2Wb;KpRAue:Tia57b;jY0zg:Q6tNgc;aZ61od:arTwJ;vfVwPd:lcrkwe;NPKaK:SdcwHb;LBgRLc:XVMNvd,SdcwHb;UyG7Kb:wQd0G;LsNahb:ucGLNb;w9w86d:dt4g2b;coJ8e:KvoW8;oSUNyd:fTfGO,fTfGO,pnvXVc;SMDL4c:fTfGO,pnvXVc;lzgfYb:PI40bd;qZx2Fc:j0xrE;IoGlCf:b5lhvb;w4rSdf:XKiZ9;h3MYod:cEt90b;eO3lse:nFClrf;zaIgPb:Qtpxbd;HMDDWe:G8QUdb;ShpF6e:N0pvGc;k2Qxcb:XY51pe;IBADCc:RYquRb;pKJiXd:VCenhc;rQSrae:C6D5Fc;kCQyJ:ueyPK;EABSZ:MXZt9d;qavrXe:zQzcXe;TxfV6d:YORN0b;UDrY1c:eps46d;F9mqte:UoRcbe;GleZL:J1A7Od;Nyt6ic:jn2sGd;JXS8fb:Qj0suc;w3bZCb:ZPGaIb;VGRfx:VFqbr;G0KhTb:LIaoZ;XUezZ:sa7lqb;aAJE9c:WHW6Ef;V2HTTe:RolTY;Wfmdue:g3MJlb;imqimf:jKGL2e;BgS6mb:fidj5d;gtVSi:ekUOYd;KQzWid:ZMKkN;UVmjEd:EesRsb;z97YGf:oug9te;AfeaP:TkrAjf;eBZ5Nd:audvde;CxXAWb:YyRLvc;VN6jIc:ddQyuf;OgagBe:cNTe0;SLtqO:Kh1xYe;tosKvd:ZCqP3;VOcgDe:YquhTb;uuQkY:u2V3ud;WDGyFe:jcVOxd;trZL0b:qY8PFe;VxQ32b:k0XsBb;DULqB:RKfG5c;Np8Qkd:Dpx6qc;bcPXSc:gSZLJb;cFTWae:gT8qnd;gaub4:TN6bMe;xBbsrc:NEW1Qc;DpcR3d:zL72xf;hjRo6e:F62sG;yGxLoc:FmAr0c;pj82le:mg5CW;dLlj2:Qqt3Gf;oUlnpc:RagDlc;Q1Ow7b:x5CSu;bFZ6gf:RsDQqe;ESrPQc:mNTJvc;R9Ulx:CR7Ufe;KOxcK:bFOvTc;G6wU6e:hezEbd;okUaUd:wItadb;ZWEUA:afR4Cf;U96pRd:FsR04;heHB1:sFczq;Fmv9Nc:O1Tzwc;hK67qb:QWEO5b;BMxAGc:E5bFse;R4IIIb:QWfeKf;whEZac:F4AmNb;tH4IIe:Ymry6;lkq0A:JyBE3e;daB6be:lMxGPd;LEikZe:byfTOb,lsjVmc/m=cdos,cr,hsm,jsa,mb4ZUb,d,csi,cEt90b,SNUn3,qddgKe,sTsDMc,dtl0hd,eHDfl:626:320
_.Yd.prototype.hv@https://www.google.com/xjs/_/js/k=xjs.hd.en.y4OfnV6DbdY.O/am=AAAAAAAAAAAAAAAAAAAAAAQAAAAAEDUQDgFsgACAABBggAAgAICCCFIIggEAEPBQJgAAgCZAYAgYAogKPEUBAJBAFQAAAAAAEAwAAAAABAAA0AEAABDQCGAAQkAVEAAAAIA8AAgOAAYRBAAAAAAAAAAAACDgCYLBBQmAgAACAAAAAAAAAAAAQEqaXAwg/d=1/ed=1/dg=2/rs=ACT90oEj-4HZVC_lwXuDDq0350ZeLRfTeg/ee=cEt90b:ws9Tlc;qddgKe:x4FYXe,d7YSfd;yxTchf:KUM7Z;dtl0hd:lLQWFe;eHDfl:ofjVkb;qaS3gd:yiLg6e;nAFL3:NTMZac,s39S4;oGtAuc:sOXFj;iFQyKf:vfuNJf,QIhFr;SNUn3:ZwDk9d,x8cHvb;io8t5d:sgY6Zb;Oj465e:KG2eXe,KG2eXe;Erl4fe:FloWmf,FloWmf;JsbNhc:Xd8iUd;sP4Vbe:VwDzFe;kMFpHd:OTA3Ae;uY49fb:COQbmf;Pjplud:PoEs9b,EEDORb;QGR0gd:Mlhmy;a56pNe:JEfCwb;Me32dd:MEeYgc;wR5FRb:TtcOte,O1Gjze;pXdRYb:JKoKVe;dIoSBb:ZgGg9b;EmZ2Bf:zr1jrb;NSEoX:lazG7b;eBAeSb:Ck63tb;WCEKNd:I46Hvd;wV5Pjc:L8KGxe;EVNhjf:pw70Gc;sTsDMc:kHVSUb;wQlYve:aLUfP;zOsCQe:Ko78Df;KcokUb:KiuZBf;kbAm9d:MkHyGd;g8nkx:U4MzKc;YV5bee:IvPZ6d;pNsl2d:j9Yuyc;BjwMce:cXX2Wb;KpRAue:Tia57b;jY0zg:Q6tNgc;aZ61od:arTwJ;vfVwPd:lcrkwe;NPKaK:SdcwHb;LBgRLc:XVMNvd,SdcwHb;UyG7Kb:wQd0G;LsNahb:ucGLNb;w9w86d:dt4g2b;coJ8e:KvoW8;oSUNyd:fTfGO,fTfGO,pnvXVc;SMDL4c:fTfGO,pnvXVc;lzgfYb:PI40bd;qZx2Fc:j0xrE;IoGlCf:b5lhvb;w4rSdf:XKiZ9;h3MYod:cEt90b;eO3lse:nFClrf;zaIgPb:Qtpxbd;HMDDWe:G8QUdb;ShpF6e:N0pvGc;k2Qxcb:XY51pe;IBADCc:RYquRb;pKJiXd:VCenhc;rQSrae:C6D5Fc;kCQyJ:ueyPK;EABSZ:MXZt9d;qavrXe:zQzcXe;TxfV6d:YORN0b;UDrY1c:eps46d;F9mqte:UoRcbe;GleZL:J1A7Od;Nyt6ic:jn2sGd;JXS8fb:Qj0suc;w3bZCb:ZPGaIb;VGRfx:VFqbr;G0KhTb:LIaoZ;XUezZ:sa7lqb;aAJE9c:WHW6Ef;V2HTTe:RolTY;Wfmdue:g3MJlb;imqimf:jKGL2e;BgS6mb:fidj5d;gtVSi:ekUOYd;KQzWid:ZMKkN;UVmjEd:EesRsb;z97YGf:oug9te;AfeaP:TkrAjf;eBZ5Nd:audvde;CxXAWb:YyRLvc;VN6jIc:ddQyuf;OgagBe:cNTe0;SLtqO:Kh1xYe;tosKvd:ZCqP3;VOcgDe:YquhTb;uuQkY:u2V3ud;WDGyFe:jcVOxd;trZL0b:qY8PFe;VxQ32b:k0XsBb;DULqB:RKfG5c;Np8Qkd:Dpx6qc;bcPXSc:gSZLJb;cFTWae:gT8qnd;gaub4:TN6bMe;xBbsrc:NEW1Qc;DpcR3d:zL72xf;hjRo6e:F62sG;yGxLoc:FmAr0c;pj82le:mg5CW;dLlj2:Qqt3Gf;oUlnpc:RagDlc;Q1Ow7b:x5CSu;bFZ6gf:RsDQqe;ESrPQc:mNTJvc;R9Ulx:CR7Ufe;KOxcK:bFOvTc;G6wU6e:hezEbd;okUaUd:wItadb;ZWEUA:afR4Cf;U96pRd:FsR04;heHB1:sFczq;Fmv9Nc:O1Tzwc;hK67qb:QWEO5b;BMxAGc:E5bFse;R4IIIb:QWfeKf;whEZac:F4AmNb;tH4IIe:Ymry6;lkq0A:JyBE3e;daB6be:lMxGPd;LEikZe:byfTOb,lsjVmc/m=cdos,cr,hsm,jsa,mb4ZUb,d,csi,cEt90b,SNUn3,qddgKe,sTsDMc,dtl0hd,eHDfl:643:271
BTb@https://www.google.com/xjs/_/js/k=xjs.hd.en.y4OfnV6DbdY.O/ck=xjs.hd.9-l_o52YDgA.R.F4.O/am=AAAAAAAAAAAAAAAAAAAAAAQAAAAAEDUQDgFsgACAABBggAAgAICCCFIIggEAEPBQJgAAgCZAYAgYAogKPEUBAJBAFQAAAAAAEAwAAAAABAAA0AEAABDQCGAAQkAVEAAAAIA8AAgOAAYRBAAAAAAAAAAAACDgCYLBBQmAgAACAAAAAAAAAAAAQEqaXAwg/d=1/exm=SNUn3,cEt90b,cdos,cr,csi,d,dtl0hd,eHDfl,hsm,jsa,mb4ZUb,qddgKe,sTsDMc/ed=1/dg=2/ujg=1/rs=ACT90oFbYE2KargokqoW0cFpdBD6QBngoQ/ee=AfeaP:TkrAjf;BMxAGc:E5bFse;BgS6mb:fidj5d;BjwMce:cXX2Wb;CxXAWb:YyRLvc;DULqB:RKfG5c;DpcR3d:zL72xf;EABSZ:MXZt9d;ESrPQc:mNTJvc;EVNhjf:pw70Gc;EmZ2Bf:zr1jrb;Erl4fe:FloWmf;F9mqte:UoRcbe;Fmv9Nc:O1Tzwc;G0KhTb:LIaoZ;G6wU6e:hezEbd;GleZL:J1A7Od;HMDDWe:G8QUdb;IBADCc:RYquRb;IoGlCf:b5lhvb;JXS8fb:Qj0suc;JsbNhc:Xd8iUd;KOxcK:bFOvTc;KQzWid:ZMKkN;KcokUb:KiuZBf;KpRAue:Tia57b;LBgRLc:SdcwHb,XVMNvd;LEikZe:byfTOb,lsjVmc;LsNahb:ucGLNb;Me32dd:MEeYgc;NPKaK:SdcwHb;NSEoX:lazG7b;Np8Qkd:Dpx6qc;Nyt6ic:jn2sGd;OgagBe:cNTe0;Oj465e:KG2eXe;Pjplud:EEDORb,PoEs9b;Q1Ow7b:x5CSu;QGR0gd:Mlhmy;R4IIIb:QWfeKf;R9Ulx:CR7Ufe;SLtqO:Kh1xYe;SMDL4c:fTfGO,pnvXVc;SNUn3:ZwDk9d,x8cHvb;ShpF6e:N0pvGc;TxfV6d:YORN0b;U96pRd:FsR04;UDrY1c:eps46d;UVmjEd:EesRsb;UyG7Kb:wQd0G;V2HTTe:RolTY;VGRfx:VFqbr;VN6jIc:ddQyuf;VOcgDe:YquhTb;VxQ32b:k0XsBb;WCEKNd:I46Hvd;WDGyFe:jcVOxd;Wfmdue:g3MJlb;XUezZ:sa7lqb;YV5bee:IvPZ6d;ZWEUA:afR4Cf;a56pNe:JEfCwb;aAJE9c:WHW6Ef;aZ61od:arTwJ;bFZ6gf:RsDQqe;bcPXSc:gSZLJb;cEt90b:ws9Tlc;cFTWae:gT8qnd;coJ8e:KvoW8;dIoSBb:ZgGg9b;dLlj2:Qqt3Gf;daB6be:lMxGPd;dtl0hd:lLQWFe;eBAeSb:Ck63tb;eBZ5Nd:audvde;eHDfl:ofjVkb;eO3lse:nFClrf;g8nkx:U4MzKc;gaub4:TN6bMe;gtVSi:ekUOYd;h3MYod:cEt90b;hK67qb:QWEO5b;heHB1:sFczq;hjRo6e:F62sG;iFQyKf:QIhFr,vfuNJf;imqimf:jKGL2e;io8t5d:sgY6Zb;jY0zg:Q6tNgc;k2Qxcb:XY51pe;kCQyJ:ueyPK;kMFpHd:OTA3Ae;kbAm9d:MkHyGd;lkq0A:JyBE3e;lzgfYb:PI40bd;nAFL3:NTMZac,s39S4;oGtAuc:sOXFj;oSUNyd:fTfGO,pnvXVc;oUlnpc:RagDlc;okUaUd:wItadb;pKJiXd:VCenhc;pNsl2d:j9Yuyc;pXdRYb:JKoKVe;pj82le:mg5CW;qZx2Fc:j0xrE;qaS3gd:yiLg6e;qavrXe:zQzcXe;qddgKe:d7YSfd,x4FYXe;rQSrae:C6D5Fc;sP4Vbe:VwDzFe;sTsDMc:kHVSUb;tH4IIe:Ymry6;tosKvd:ZCqP3;trZL0b:qY8PFe;uY49fb:COQbmf;uuQkY:u2V3ud;vfVwPd:lcrkwe;w3bZCb:ZPGaIb;w4rSdf:XKiZ9;w9w86d:dt4g2b;wQlYve:aLUfP;wR5FRb:O1Gjze,TtcOte;wV5Pjc:L8KGxe;whEZac:F4AmNb;xBbsrc:NEW1Qc;yGxLoc:FmAr0c;yxTchf:KUM7Z;z97YGf:oug9te;zOsCQe:Ko78Df;zaIgPb:Qtpxbd/m=B2qlPe,DhPYme,EkevXb,GU4Gab,MpJwZc,NzU6V,UUJqVe,aa,abd,async,epYOx,ms4mZb,mu,pHXghd,q0xTif,s39S4,sOXFj,sb_wiz,sf?xjs=s1:28:77
CTb/<@https://www.google.com/xjs/_/js/k=xjs.hd.en.y4OfnV6DbdY.O/ck=xjs.hd.9-l_o52YDgA.R.F4.O/am=AAAAAAAAAAAAAAAAAAAAAAQAAAAAEDUQDgFsgACAABBggAAgAICCCFIIggEAEPBQJgAAgCZAYAgYAogKPEUBAJBAFQAAAAAAEAwAAAAABAAA0AEAABDQCGAAQkAVEAAAAIA8AAgOAAYRBAAAAAAAAAAAACDgCYLBBQmAgAACAAAAAAAAAAAAQEqaXAwg/d=1/exm=SNUn3,cEt90b,cdos,cr,csi,d,dtl0hd,eHDfl,hsm,jsa,mb4ZUb,qddgKe,sTsDMc/ed=1/dg=2/ujg=1/rs=ACT90oFbYE2KargokqoW0cFpdBD6QBngoQ/ee=AfeaP:TkrAjf;BMxAGc:E5bFse;BgS6mb:fidj5d;BjwMce:cXX2Wb;CxXAWb:YyRLvc;DULqB:RKfG5c;DpcR3d:zL72xf;EABSZ:MXZt9d;ESrPQc:mNTJvc;EVNhjf:pw70Gc;EmZ2Bf:zr1jrb;Erl4fe:FloWmf;F9mqte:UoRcbe;Fmv9Nc:O1Tzwc;G0KhTb:LIaoZ;G6wU6e:hezEbd;GleZL:J1A7Od;HMDDWe:G8QUdb;IBADCc:RYquRb;IoGlCf:b5lhvb;JXS8fb:Qj0suc;JsbNhc:Xd8iUd;KOxcK:bFOvTc;KQzWid:ZMKkN;KcokUb:KiuZBf;KpRAue:Tia57b;LBgRLc:SdcwHb,XVMNvd;LEikZe:byfTOb,lsjVmc;LsNahb:ucGLNb;Me32dd:MEeYgc;NPKaK:SdcwHb;NSEoX:lazG7b;Np8Qkd:Dpx6qc;Nyt6ic:jn2sGd;OgagBe:cNTe0;Oj465e:KG2eXe;Pjplud:EEDORb,PoEs9b;Q1Ow7b:x5CSu;QGR0gd:Mlhmy;R4IIIb:QWfeKf;R9Ulx:CR7Ufe;SLtqO:Kh1xYe;SMDL4c:fTfGO,pnvXVc;SNUn3:ZwDk9d,x8cHvb;ShpF6e:N0pvGc;TxfV6d:YORN0b;U96pRd:FsR04;UDrY1c:eps46d;UVmjEd:EesRsb;UyG7Kb:wQd0G;V2HTTe:RolTY;VGRfx:VFqbr;VN6jIc:ddQyuf;VOcgDe:YquhTb;VxQ32b:k0XsBb;WCEKNd:I46Hvd;WDGyFe:jcVOxd;Wfmdue:g3MJlb;XUezZ:sa7lqb;YV5bee:IvPZ6d;ZWEUA:afR4Cf;a56pNe:JEfCwb;aAJE9c:WHW6Ef;aZ61od:arTwJ;bFZ6gf:RsDQqe;bcPXSc:gSZLJb;cEt90b:ws9Tlc;cFTWae:gT8qnd;coJ8e:KvoW8;dIoSBb:ZgGg9b;dLlj2:Qqt3Gf;daB6be:lMxGPd;dtl0hd:lLQWFe;eBAeSb:Ck63tb;eBZ5Nd:audvde;eHDfl:ofjVkb;eO3lse:nFClrf;g8nkx:U4MzKc;gaub4:TN6bMe;gtVSi:ekUOYd;h3MYod:cEt90b;hK67qb:QWEO5b;heHB1:sFczq;hjRo6e:F62sG;iFQyKf:QIhFr,vfuNJf;imqimf:jKGL2e;io8t5d:sgY6Zb;jY0zg:Q6tNgc;k2Qxcb:XY51pe;kCQyJ:ueyPK;kMFpHd:OTA3Ae;kbAm9d:MkHyGd;lkq0A:JyBE3e;lzgfYb:PI40bd;nAFL3:NTMZac,s39S4;oGtAuc:sOXFj;oSUNyd:fTfGO,pnvXVc;oUlnpc:RagDlc;okUaUd:wItadb;pKJiXd:VCenhc;pNsl2d:j9Yuyc;pXdRYb:JKoKVe;pj82le:mg5CW;qZx2Fc:j0xrE;qaS3gd:yiLg6e;qavrXe:zQzcXe;qddgKe:d7YSfd,x4FYXe;rQSrae:C6D5Fc;sP4Vbe:VwDzFe;sTsDMc:kHVSUb;tH4IIe:Ymry6;tosKvd:ZCqP3;trZL0b:qY8PFe;uY49fb:COQbmf;uuQkY:u2V3ud;vfVwPd:lcrkwe;w3bZCb:ZPGaIb;w4rSdf:XKiZ9;w9w86d:dt4g2b;wQlYve:aLUfP;wR5FRb:O1Gjze,TtcOte;wV5Pjc:L8KGxe;whEZac:F4AmNb;xBbsrc:NEW1Qc;yGxLoc:FmAr0c;yxTchf:KUM7Z;z97YGf:oug9te;zOsCQe:Ko78Df;zaIgPb:Qtpxbd/m=B2qlPe,DhPYme,EkevXb,GU4Gab,MpJwZc,NzU6V,UUJqVe,aa,abd,async,epYOx,ms4mZb,mu,pHXghd,q0xTif,s39S4,sOXFj,sb_wiz,sf?xjs=s1:27:998

Dynamically enable window occlusion 1
1700674261086	geckodriver	INFO	Listening on 127.0.0.1:60844
1700674264122	mozrunner::runner	INFO	Running command: "C:\\Program Files\\Mozilla Firefox\\firefox.exe" "--marionette" "--remote-debugging-port" "60845" "--remote-allow-hosts" "localhost" "-no-remote" "-profile" "C:\\Users\\almog\\AppData\\Local\\Temp\\rust_mozprofileEueDGa"
console.warn: services.settings: Ignoring preference override of remote settings server
console.warn: services.settings: Allow by setting MOZ_REMOTE_SETTINGS_DEVTOOLS=1 in the environment
1700674264815	Marionette	INFO	Marionette enabled
Dynamically enable window occlusion 0
1700674264955	Marionette	INFO	Listening on port 60853
WebDriver BiDi listening on ws://127.0.0.1:60845
Read port: 60853
1700674265326	RemoteAgent	WARN	TLS certificate errors will be ignored for this session
DevTools listening on ws://127.0.0.1:60845/devtools/browser/a354088c-96cd-494a-b881-91cf03c96ea1
console.warn: LoginRecipes: "Falling back to a synchronous message for: https://www.saucedemo.com."
console.warn: LoginRecipes: "Falling back to a synchronous message for: https://www.saucedemo.com."
1700674274101	Marionette	INFO	Stopped listening on port 60853
Dynamically enable window occlusion 1
1700674283935	geckodriver	INFO	Listening on 127.0.0.1:60886
1700674286962	mozrunner::runner	INFO	Running command: "C:\\Program Files\\Mozilla Firefox\\firefox.exe" "--marionette" "--remote-debugging-port" "60887" "--remote-allow-hosts" "localhost" "-no-remote" "-profile" "C:\\Users\\almog\\AppData\\Local\\Temp\\rust_mozprofileduWUQV"
console.warn: services.settings: Ignoring preference override of remote settings server
console.warn: services.settings: Allow by setting MOZ_REMOTE_SETTINGS_DEVTOOLS=1 in the environment
1700674287552	Marionette	INFO	Marionette enabled
Dynamically enable window occlusion 0
1700674287694	Marionette	INFO	Listening on port 60894
WebDriver BiDi listening on ws://127.0.0.1:60887
Read port: 60894
1700674288062	RemoteAgent	WARN	TLS certificate errors will be ignored for this session
DevTools listening on ws://127.0.0.1:60887/devtools/browser/81929311-379c-4291-b686-81b06a99e50e
console.warn: LoginRecipes: "Falling back to a synchronous message for: https://www.saucedemo.com."
1700674295446	Marionette	INFO	Stopped listening on port 60894
Dynamically enable window occlusion 1
1700674305352	geckodriver	INFO	Listening on 127.0.0.1:60932
1700674308403	mozrunner::runner	INFO	Running command: "C:\\Program Files\\Mozilla Firefox\\firefox.exe" "--marionette" "--remote-debugging-port" "60933" "--remote-allow-hosts" "localhost" "-no-remote" "-profile" "C:\\Users\\almog\\AppData\\Local\\Temp\\rust_mozprofilePnbHj2"
console.warn: services.settings: Ignoring preference override of remote settings server
console.warn: services.settings: Allow by setting MOZ_REMOTE_SETTINGS_DEVTOOLS=1 in the environment
1700674309058	Marionette	INFO	Marionette enabled
Dynamically enable window occlusion 0
1700674309202	Marionette	INFO	Listening on port 60940
Read port: 60940
WebDriver BiDi listening on ws://127.0.0.1:60933
1700674309407	RemoteAgent	WARN	TLS certificate errors will be ignored for this session
DevTools listening on ws://127.0.0.1:60933/devtools/browser/8966f4b7-152c-498e-b70a-a2cd631c403c
console.warn: LoginRecipes: "Falling back to a synchronous message for: https://www.saucedemo.com."
console.warn: LoginRecipes: "Falling back to a synchronous message for: https://www.saucedemo.com."
1700674317344	Marionette	INFO	Stopped listening on port 60940
Dynamically enable window occlusion 1
JavaScript error: resource://gre/modules/UrlClassifierListManager.sys.mjs, line 720: TypeError: this.tablesData[table] is undefined
1700674340749	geckodriver	INFO	Listening on 127.0.0.1:60982
1700674343772	mozrunner::runner	INFO	Running command: "C:\\Program Files\\Mozilla Firefox\\firefox.exe" "--marionette" "--remote-debugging-port" "60983" "--remote-allow-hosts" "localhost" "-no-remote" "-profile" "C:\\Users\\almog\\AppData\\Local\\Temp\\rust_mozprofilem6uyTB"
console.warn: services.settings: Ignoring preference override of remote settings server
console.warn: services.settings: Allow by setting MOZ_REMOTE_SETTINGS_DEVTOOLS=1 in the environment
1700674344360	Marionette	INFO	Marionette enabled
Dynamically enable window occlusion 0
1700674344486	Marionette	INFO	Listening on port 60990
WebDriver BiDi listening on ws://127.0.0.1:60983
Read port: 60990
1700674344860	RemoteAgent	WARN	TLS certificate errors will be ignored for this session
DevTools listening on ws://127.0.0.1:60983/devtools/browser/20bf5010-358b-4abf-b6de-525e3fba6df5
console.warn: LoginRecipes: "Falling back to a synchronous message for: https://www.saucedemo.com."
console.warn: LoginRecipes: "Falling back to a synchronous message for: https://www.saucedemo.com."
1700674358076	Marionette	INFO	Stopped listening on port 60990
Dynamically enable window occlusion 1
1700933860879	geckodriver	INFO	Listening on 127.0.0.1:52160
1700933863885	mozrunner::runner	INFO	Running command: "C:\\Program Files\\Mozilla Firefox\\firefox.exe" "--marionette" "--remote-debugging-port" "52161" "--remote-allow-hosts" "localhost" "-no-remote" "-profile" "C:\\Users\\almog\\AppData\\Local\\Temp\\rust_mozprofile5g4yjn"
console.warn: services.settings: Ignoring preference override of remote settings server
console.warn: services.settings: Allow by setting MOZ_REMOTE_SETTINGS_DEVTOOLS=1 in the environment
1700933864613	Marionette	INFO	Marionette enabled
Dynamically enable window occlusion 0
1700933864773	Marionette	INFO	Listening on port 52175
WebDriver BiDi listening on ws://127.0.0.1:52161
Read port: 52175
1700933865251	RemoteAgent	WARN	TLS certificate errors will be ignored for this session
DevTools listening on ws://127.0.0.1:52161/devtools/browser/51d5f807-fff0-4e16-b84e-ed4d789c6631
console.warn: LoginRecipes: "Falling back to a synchronous message for: https://www.saucedemo.com."
console.warn: LoginRecipes: "Falling back to a synchronous message for: https://www.saucedemo.com."
1700933876064	Marionette	INFO	Stopped listening on port 52175
Dynamically enable window occlusion 1
JavaScript error: resource://gre/modules/UrlClassifierListManager.sys.mjs, line 720: TypeError: this.tablesData[table] is undefined
1700933895320	geckodriver	INFO	Listening on 127.0.0.1:52256
1700933898887	mozrunner::runner	INFO	Running command: "C:\\Program Files\\Mozilla Firefox\\firefox.exe" "--marionette" "--remote-debugging-port" "52257" "--remote-allow-hosts" "localhost" "-no-remote" "-profile" "C:\\Users\\almog\\AppData\\Local\\Temp\\rust_mozprofileeivyNZ"
console.warn: services.settings: Ignoring preference override of remote settings server
console.warn: services.settings: Allow by setting MOZ_REMOTE_SETTINGS_DEVTOOLS=1 in the environment
1700933899760	Marionette	INFO	Marionette enabled
Dynamically enable window occlusion 0
1700933899939	Marionette	INFO	Listening on port 52266
WebDriver BiDi listening on ws://127.0.0.1:52257
Read port: 52266
1700933900474	RemoteAgent	WARN	TLS certificate errors will be ignored for this session
DevTools listening on ws://127.0.0.1:52257/devtools/browser/9c5c9632-2140-4d9b-9600-f7e46ccc1866
console.warn: LoginRecipes: "Falling back to a synchronous message for: https://www.saucedemo.com."
1700933908679	Marionette	INFO	Stopped listening on port 52266
Dynamically enable window occlusion 1
1700933919672	geckodriver	INFO	Listening on 127.0.0.1:52301
1700933922702	mozrunner::runner	INFO	Running command: "C:\\Program Files\\Mozilla Firefox\\firefox.exe" "--marionette" "--remote-debugging-port" "52302" "--remote-allow-hosts" "localhost" "-no-remote" "-profile" "C:\\Users\\almog\\AppData\\Local\\Temp\\rust_mozprofilegVNlvg"
console.warn: services.settings: Ignoring preference override of remote settings server
console.warn: services.settings: Allow by setting MOZ_REMOTE_SETTINGS_DEVTOOLS=1 in the environment
1700933923779	Marionette	INFO	Marionette enabled
Dynamically enable window occlusion 0
1700933923943	Marionette	INFO	Listening on port 52313
WebDriver BiDi listening on ws://127.0.0.1:52302
Read port: 52313
1700933924514	RemoteAgent	WARN	TLS certificate errors will be ignored for this session
DevTools listening on ws://127.0.0.1:52302/devtools/browser/24fe33f9-7948-4c76-81ed-fedddb03b975
console.warn: LoginRecipes: "Falling back to a synchronous message for: https://www.saucedemo.com."
console.warn: LoginRecipes: "Falling back to a synchronous message for: https://www.saucedemo.com."
1700933932565	Marionette	INFO	Stopped listening on port 52313
Dynamically enable window occlusion 1
1700933943348	geckodriver	INFO	Listening on 127.0.0.1:52344
1700933946381	mozrunner::runner	INFO	Running command: "C:\\Program Files\\Mozilla Firefox\\firefox.exe" "--marionette" "--remote-debugging-port" "52345" "--remote-allow-hosts" "localhost" "-no-remote" "-profile" "C:\\Users\\almog\\AppData\\Local\\Temp\\rust_mozprofileFFkBkh"
console.warn: services.settings: Ignoring preference override of remote settings server
console.warn: services.settings: Allow by setting MOZ_REMOTE_SETTINGS_DEVTOOLS=1 in the environment
1700933946981	Marionette	INFO	Marionette enabled
Dynamically enable window occlusion 0
1700933947124	Marionette	INFO	Listening on port 52352
WebDriver BiDi listening on ws://127.0.0.1:52345
Read port: 52352
1700933947323	RemoteAgent	WARN	TLS certificate errors will be ignored for this session
DevTools listening on ws://127.0.0.1:52345/devtools/browser/6d92a5aa-010b-49d7-b037-f373d238f608
console.warn: LoginRecipes: "Falling back to a synchronous message for: https://www.saucedemo.com."
console.warn: LoginRecipes: "Falling back to a synchronous message for: https://www.saucedemo.com."
1700933964661	Marionette	INFO	Stopped listening on port 52352
Dynamically enable window occlusion 1
1700934776968	geckodriver	INFO	Listening on 127.0.0.1:54110
1700934780015	mozrunner::runner	INFO	Running command: "C:\\Program Files\\Mozilla Firefox\\firefox.exe" "--marionette" "--remote-debugging-port" "54111" "--remote-allow-hosts" "localhost" "-no-remote" "-profile" "C:\\Users\\almog\\AppData\\Local\\Temp\\rust_mozprofileMVwLaw"
console.warn: services.settings: Ignoring preference override of remote settings server
console.warn: services.settings: Allow by setting MOZ_REMOTE_SETTINGS_DEVTOOLS=1 in the environment
1700934780685	Marionette	INFO	Marionette enabled
Dynamically enable window occlusion 0
1700934780829	Marionette	INFO	Listening on port 54118
WebDriver BiDi listening on ws://127.0.0.1:54111
Read port: 54118
1700934781304	RemoteAgent	WARN	TLS certificate errors will be ignored for this session
DevTools listening on ws://127.0.0.1:54111/devtools/browser/f1890419-657a-4f67-a350-4ceacb3b8ecb
console.warn: LoginRecipes: "Falling back to a synchronous message for: https://www.saucedemo.com."
console.warn: LoginRecipes: "Falling back to a synchronous message for: https://www.saucedemo.com."
1700934790909	Marionette	INFO	Stopped listening on port 54118
Dynamically enable window occlusion 1
1700934802468	geckodriver	INFO	Listening on 127.0.0.1:54152
1700934805496	mozrunner::runner	INFO	Running command: "C:\\Program Files\\Mozilla Firefox\\firefox.exe" "--marionette" "--remote-debugging-port" "54153" "--remote-allow-hosts" "localhost" "-no-remote" "-profile" "C:\\Users\\almog\\AppData\\Local\\Temp\\rust_mozprofilekrBR6K"
console.warn: services.settings: Ignoring preference override of remote settings server
console.warn: services.settings: Allow by setting MOZ_REMOTE_SETTINGS_DEVTOOLS=1 in the environment
1700934806095	Marionette	INFO	Marionette enabled
Dynamically enable window occlusion 0
1700934806237	Marionette	INFO	Listening on port 54160
WebDriver BiDi listening on ws://127.0.0.1:54153
Read port: 54160
1700934806611	RemoteAgent	WARN	TLS certificate errors will be ignored for this session
DevTools listening on ws://127.0.0.1:54153/devtools/browser/2369820b-6208-4322-a22b-83cc8ad7ccb9
console.warn: LoginRecipes: "Falling back to a synchronous message for: https://www.saucedemo.com."
1700934813752	Marionette	INFO	Stopped listening on port 54160
Dynamically enable window occlusion 1
1700934823612	geckodriver	INFO	Listening on 127.0.0.1:54190
1700934826653	mozrunner::runner	INFO	Running command: "C:\\Program Files\\Mozilla Firefox\\firefox.exe" "--marionette" "--remote-debugging-port" "54191" "--remote-allow-hosts" "localhost" "-no-remote" "-profile" "C:\\Users\\almog\\AppData\\Local\\Temp\\rust_mozprofileP3cFak"
console.warn: services.settings: Ignoring preference override of remote settings server
console.warn: services.settings: Allow by setting MOZ_REMOTE_SETTINGS_DEVTOOLS=1 in the environment
1700934827253	Marionette	INFO	Marionette enabled
Dynamically enable window occlusion 0
1700934827395	Marionette	INFO	Listening on port 54198
WebDriver BiDi listening on ws://127.0.0.1:54191
Read port: 54198
1700934827765	RemoteAgent	WARN	TLS certificate errors will be ignored for this session
DevTools listening on ws://127.0.0.1:54191/devtools/browser/c49882bb-518a-4881-b70d-fbd2b6d97df7
console.warn: LoginRecipes: "Falling back to a synchronous message for: https://www.saucedemo.com."
console.warn: LoginRecipes: "Falling back to a synchronous message for: https://www.saucedemo.com."
1700934836300	Marionette	INFO	Stopped listening on port 54198
Dynamically enable window occlusion 1
1700934848076	geckodriver	INFO	Listening on 127.0.0.1:54229
1700934851084	mozrunner::runner	INFO	Running command: "C:\\Program Files\\Mozilla Firefox\\firefox.exe" "--marionette" "--remote-debugging-port" "54230" "--remote-allow-hosts" "localhost" "-no-remote" "-profile" "C:\\Users\\almog\\AppData\\Local\\Temp\\rust_mozprofilehj1KCL"
console.warn: services.settings: Ignoring preference override of remote settings server
console.warn: services.settings: Allow by setting MOZ_REMOTE_SETTINGS_DEVTOOLS=1 in the environment
1700934851698	Marionette	INFO	Marionette enabled
Dynamically enable window occlusion 0
1700934851832	Marionette	INFO	Listening on port 54237
WebDriver BiDi listening on ws://127.0.0.1:54230
Read port: 54237
1700934852014	RemoteAgent	WARN	TLS certificate errors will be ignored for this session
DevTools listening on ws://127.0.0.1:54230/devtools/browser/3a315743-d13f-4925-96c6-963962303fb8
console.warn: LoginRecipes: "Falling back to a synchronous message for: https://www.saucedemo.com."
console.warn: LoginRecipes: "Falling back to a synchronous message for: https://www.saucedemo.com."
1700934866518	Marionette	INFO	Stopped listening on port 54237
Dynamically enable window occlusion 1
1700936036783	geckodriver	INFO	Listening on 127.0.0.1:53026
1700936039793	mozrunner::runner	INFO	Running command: "C:\\Program Files\\Mozilla Firefox\\firefox.exe" "--marionette" "--remote-debugging-port" "53027" "--remote-allow-hosts" "localhost" "-no-remote" "-profile" "C:\\Users\\almog\\AppData\\Local\\Temp\\rust_mozprofileBqgxB6"
console.warn: services.settings: Ignoring preference override of remote settings server
console.warn: services.settings: Allow by setting MOZ_REMOTE_SETTINGS_DEVTOOLS=1 in the environment
1700936040907	Marionette	INFO	Marionette enabled
Dynamically enable window occlusion 0
1700936041046	Marionette	INFO	Listening on port 53034
WebDriver BiDi listening on ws://127.0.0.1:53027
Read port: 53034
1700936041440	RemoteAgent	WARN	TLS certificate errors will be ignored for this session
DevTools listening on ws://127.0.0.1:53027/devtools/browser/8d389395-f007-4e9c-b944-44ab6bdaaf72
console.warn: LoginRecipes: "Falling back to a synchronous message for: https://www.saucedemo.com."
console.warn: LoginRecipes: "Falling back to a synchronous message for: https://www.saucedemo.com."
1700936053722	Marionette	INFO	Stopped listening on port 53034
Dynamically enable window occlusion 1
JavaScript error: resource://gre/modules/UrlClassifierListManager.sys.mjs, line 720: TypeError: this.tablesData[table] is undefined
1700936068994	geckodriver	INFO	Listening on 127.0.0.1:53069
1700936072027	mozrunner::runner	INFO	Running command: "C:\\Program Files\\Mozilla Firefox\\firefox.exe" "--marionette" "--remote-debugging-port" "53070" "--remote-allow-hosts" "localhost" "-no-remote" "-profile" "C:\\Users\\almog\\AppData\\Local\\Temp\\rust_mozprofile0eKJ5Z"
console.warn: services.settings: Ignoring preference override of remote settings server
console.warn: services.settings: Allow by setting MOZ_REMOTE_SETTINGS_DEVTOOLS=1 in the environment
1700936073232	Marionette	INFO	Marionette enabled
Dynamically enable window occlusion 0
1700936073347	Marionette	INFO	Listening on port 53079
WebDriver BiDi listening on ws://127.0.0.1:53070
Read port: 53079
1700936073938	RemoteAgent	WARN	TLS certificate errors will be ignored for this session
DevTools listening on ws://127.0.0.1:53070/devtools/browser/93c01103-7daa-49b9-8809-327e4d42ff82
console.warn: LoginRecipes: "Falling back to a synchronous message for: https://www.saucedemo.com."
1700936081807	Marionette	INFO	Stopped listening on port 53079
Dynamically enable window occlusion 1
1700936092332	geckodriver	INFO	Listening on 127.0.0.1:53110
1700936095359	mozrunner::runner	INFO	Running command: "C:\\Program Files\\Mozilla Firefox\\firefox.exe" "--marionette" "--remote-debugging-port" "53111" "--remote-allow-hosts" "localhost" "-no-remote" "-profile" "C:\\Users\\almog\\AppData\\Local\\Temp\\rust_mozprofile7rFGiB"
console.warn: services.settings: Ignoring preference override of remote settings server
console.warn: services.settings: Allow by setting MOZ_REMOTE_SETTINGS_DEVTOOLS=1 in the environment
1700936095951	Marionette	INFO	Marionette enabled
Dynamically enable window occlusion 0
1700936096099	Marionette	INFO	Listening on port 53118
WebDriver BiDi listening on ws://127.0.0.1:53111
Read port: 53118
1700936096290	RemoteAgent	WARN	TLS certificate errors will be ignored for this session
DevTools listening on ws://127.0.0.1:53111/devtools/browser/1e322e07-109c-48b0-9b56-59e6f0f172f4
console.warn: LoginRecipes: "Falling back to a synchronous message for: https://www.saucedemo.com."
console.warn: LoginRecipes: "Falling back to a synchronous message for: https://www.saucedemo.com."
1700936105059	Marionette	INFO	Stopped listening on port 53118
Dynamically enable window occlusion 1
1700936116651	geckodriver	INFO	Listening on 127.0.0.1:53149
1700936119678	mozrunner::runner	INFO	Running command: "C:\\Program Files\\Mozilla Firefox\\firefox.exe" "--marionette" "--remote-debugging-port" "53150" "--remote-allow-hosts" "localhost" "-no-remote" "-profile" "C:\\Users\\almog\\AppData\\Local\\Temp\\rust_mozprofilekDihyQ"
console.warn: services.settings: Ignoring preference override of remote settings server
console.warn: services.settings: Allow by setting MOZ_REMOTE_SETTINGS_DEVTOOLS=1 in the environment
1700936120289	Marionette	INFO	Marionette enabled
Dynamically enable window occlusion 0
1700936120441	Marionette	INFO	Listening on port 53157
WebDriver BiDi listening on ws://127.0.0.1:53150
Read port: 53157
1700936120653	RemoteAgent	WARN	TLS certificate errors will be ignored for this session
DevTools listening on ws://127.0.0.1:53150/devtools/browser/b66ac887-d5c0-4a36-b655-791460dd8173
console.warn: LoginRecipes: "Falling back to a synchronous message for: https://www.saucedemo.com."
console.warn: LoginRecipes: "Falling back to a synchronous message for: https://www.saucedemo.com."
1700936135101	Marionette	INFO	Stopped listening on port 53157
Dynamically enable window occlusion 1
1700936419922	geckodriver	INFO	Listening on 127.0.0.1:53213
1700936422992	mozrunner::runner	INFO	Running command: "C:\\Program Files\\Mozilla Firefox\\firefox.exe" "--marionette" "--remote-debugging-port" "53214" "--remote-allow-hosts" "localhost" "-no-remote" "-profile" "C:\\Users\\almog\\AppData\\Local\\Temp\\rust_mozprofilefuHYuF"
console.warn: services.settings: Ignoring preference override of remote settings server
console.warn: services.settings: Allow by setting MOZ_REMOTE_SETTINGS_DEVTOOLS=1 in the environment
1700936423687	Marionette	INFO	Marionette enabled
Dynamically enable window occlusion 0
1700936423837	Marionette	INFO	Listening on port 53221
Read port: 53221
WebDriver BiDi listening on ws://127.0.0.1:53214
1700936424047	RemoteAgent	WARN	TLS certificate errors will be ignored for this session
DevTools listening on ws://127.0.0.1:53214/devtools/browser/3f339707-8108-4d13-8308-b4ad3d64fecb
1700936435155	Marionette	INFO	Stopped listening on port 53221
Dynamically enable window occlusion 1
1700937154101	geckodriver	INFO	Listening on 127.0.0.1:53319
1700937157171	mozrunner::runner	INFO	Running command: "C:\\Program Files\\Mozilla Firefox\\firefox.exe" "--marionette" "--remote-debugging-port" "53320" "--remote-allow-hosts" "localhost" "-no-remote" "-profile" "C:\\Users\\almog\\AppData\\Local\\Temp\\rust_mozprofilep4mTYo"
console.warn: services.settings: Ignoring preference override of remote settings server
console.warn: services.settings: Allow by setting MOZ_REMOTE_SETTINGS_DEVTOOLS=1 in the environment
1700937157792	Marionette	INFO	Marionette enabled
Dynamically enable window occlusion 0
1700937157931	Marionette	INFO	Listening on port 53327
Read port: 53327
WebDriver BiDi listening on ws://127.0.0.1:53320
1700937158115	RemoteAgent	WARN	TLS certificate errors will be ignored for this session
DevTools listening on ws://127.0.0.1:53320/devtools/browser/89d6e2df-ecb4-4b68-b1ba-f99f9f0fe404
1700937167949	Marionette	INFO	Stopped listening on port 53327
Dynamically enable window occlusion 1
1702454894781	geckodriver	INFO	Listening on 127.0.0.1:55890
1702454897818	mozrunner::runner	INFO	Running command: "C:\\Program Files\\Mozilla Firefox\\firefox.exe" "--marionette" "--remote-debugging-port" "55891" "--remote-allow-hosts" "localhost" "-no-remote" "-profile" "C:\\Users\\almog\\AppData\\Local\\Temp\\rust_mozprofile0U0jkf"
console.warn: services.settings: Ignoring preference override of remote settings server
console.warn: services.settings: Allow by setting MOZ_REMOTE_SETTINGS_DEVTOOLS=1 in the environment
1702454899898	Marionette	INFO	Marionette enabled
Dynamically enable window occlusion 0
1702454900107	Marionette	INFO	Listening on port 55914
Read port: 55914
WebDriver BiDi listening on ws://127.0.0.1:55891
1702454900358	RemoteAgent	WARN	TLS certificate errors will be ignored for this session
DevTools listening on ws://127.0.0.1:55891/devtools/browser/246d13f2-394b-4f21-9ee6-c78b5058cd3f
1702454913836	Marionette	INFO	Stopped listening on port 55914
JavaScript warning: https://www.google.com/xjs/_/js/k=xjs.hd.en.kZtgrZ1ny3c.O/am=AAAAAAAAAAAAAAAAAAAAAAAgAAAAAACCBsIhgA0QABAAAAwQAAQAUCCCKAQwAAgEPJQJAADQBAgMgVkAUYFnCgAAJlAFAAAAAABAMAAAAAAgAACADgAAgIBGAAYkBJSAAAAAAOQBIDgAGEQQAAAAAAAAAAAAgIAnCAYXJAACAggAAAAAAAAAAAAApKTJxQAC/d=1/ed=1/dg=2/rs=ACT90oET_tNAWYFZZSSbqX3OReD8lJdAPA/ee=cEt90b:ws9Tlc;qddgKe:x4FYXe,d7YSfd;yxTchf:KUM7Z;dtl0hd:lLQWFe;eHDfl:ofjVkb;qaS3gd:yiLg6e;nAFL3:NTMZac,s39S4;oGtAuc:sOXFj;iFQyKf:vfuNJf,QIhFr;SNUn3:ZwDk9d,x8cHvb;io8t5d:sgY6Zb;Oj465e:KG2eXe,KG2eXe;Erl4fe:FloWmf,FloWmf;JsbNhc:Xd8iUd;sP4Vbe:VwDzFe;kMFpHd:OTA3Ae;uY49fb:COQbmf;Pjplud:PoEs9b,EEDORb;QGR0gd:Mlhmy;a56pNe:JEfCwb;Me32dd:MEeYgc;wR5FRb:TtcOte,O1Gjze;pXdRYb:JKoKVe;dIoSBb:ZgGg9b;EmZ2Bf:zr1jrb;NSEoX:lazG7b;eBAeSb:Ck63tb;WCEKNd:I46Hvd;wV5Pjc:L8KGxe;EVNhjf:pw70Gc;sTsDMc:kHVSUb;wQlYve:aLUfP;zOsCQe:Ko78Df;KcokUb:KiuZBf;kbAm9d:MkHyGd;g8nkx:U4MzKc;YV5bee:IvPZ6d;pNsl2d:j9Yuyc;EnlcNd:WeHg4;BjwMce:cXX2Wb;KpRAue:Tia57b;jY0zg:Q6tNgc;aZ61od:arTwJ;yGxLoc:FmAr0c;vfVwPd:lcrkwe;NPKaK:SdcwHb;LBgRLc:XVMNvd,SdcwHb;UyG7Kb:wQd0G;LsNahb:ucGLNb;w9w86d:dt4g2b;coJ8e:KvoW8;oSUNyd:fTfGO,fTfGO,pnvXVc;SMDL4c:fTfGO,pnvXVc;lzgfYb:PI40bd;qZx2Fc:j0xrE;IoGlCf:b5lhvb;w4rSdf:XKiZ9;h3MYod:cEt90b;eO3lse:nFClrf;zaIgPb:Qtpxbd;HMDDWe:G8QUdb;ShpF6e:N0pvGc;k2Qxcb:XY51pe;IBADCc:RYquRb;pKJiXd:VCenhc;rQSrae:C6D5Fc;kCQyJ:ueyPK;EABSZ:MXZt9d;qavrXe:zQzcXe;TxfV6d:YORN0b;UDrY1c:eps46d;F9mqte:UoRcbe;GleZL:J1A7Od;Nyt6ic:jn2sGd;JXS8fb:Qj0suc;w3bZCb:ZPGaIb;VGRfx:VFqbr;G0KhTb:LIaoZ;XUezZ:sa7lqb;aAJE9c:WHW6Ef;V2HTTe:RolTY;Wfmdue:g3MJlb;imqimf:jKGL2e;BgS6mb:fidj5d;gtVSi:ekUOYd;KQzWid:ZMKkN;UVmjEd:EesRsb;z97YGf:oug9te;AfeaP:TkrAjf;eBZ5Nd:audvde;CxXAWb:YyRLvc;VN6jIc:ddQyuf;OgagBe:cNTe0;SLtqO:Kh1xYe;tosKvd:ZCqP3;VOcgDe:YquhTb;uuQkY:u2V3ud;WDGyFe:jcVOxd;trZL0b:qY8PFe;VxQ32b:k0XsBb;DULqB:RKfG5c;Np8Qkd:Dpx6qc;bcPXSc:gSZLJb;cFTWae:gT8qnd;gaub4:TN6bMe;xBbsrc:NEW1Qc;DpcR3d:zL72xf;hjRo6e:F62sG;pj82le:mg5CW;dLlj2:Qqt3Gf;oUlnpc:RagDlc;Q1Ow7b:x5CSu;bFZ6gf:RsDQqe;ESrPQc:mNTJvc;R9Ulx:CR7Ufe;KOxcK:bFOvTc;G6wU6e:hezEbd;VsAqSb:PGf2Re;okUaUd:wItadb;ZWEUA:afR4Cf;U96pRd:FsR04;heHB1:sFczq;Fmv9Nc:O1Tzwc;hK67qb:QWEO5b;BMxAGc:E5bFse;R4IIIb:QWfeKf;whEZac:F4AmNb;tH4IIe:Ymry6;lkq0A:JyBE3e;daB6be:lMxGPd;LEikZe:byfTOb,lsjVmc/m=cdos,cr,hsm,jsa,mb4ZUb,d,csi,cEt90b,SNUn3,qddgKe,sTsDMc,dtl0hd,eHDfl, line 622: Script terminated by timeout at:
rCa@https://www.google.com/xjs/_/js/k=xjs.hd.en.kZtgrZ1ny3c.O/am=AAAAAAAAAAAAAAAAAAAAAAAgAAAAAACCBsIhgA0QABAAAAwQAAQAUCCCKAQwAAgEPJQJAADQBAgMgVkAUYFnCgAAJlAFAAAAAABAMAAAAAAgAACADgAAgIBGAAYkBJSAAAAAAOQBIDgAGEQQAAAAAAAAAAAAgIAnCAYXJAACAggAAAAAAAAAAAAApKTJxQAC/d=1/ed=1/dg=2/rs=ACT90oET_tNAWYFZZSSbqX3OReD8lJdAPA/ee=cEt90b:ws9Tlc;qddgKe:x4FYXe,d7YSfd;yxTchf:KUM7Z;dtl0hd:lLQWFe;eHDfl:ofjVkb;qaS3gd:yiLg6e;nAFL3:NTMZac,s39S4;oGtAuc:sOXFj;iFQyKf:vfuNJf,QIhFr;SNUn3:ZwDk9d,x8cHvb;io8t5d:sgY6Zb;Oj465e:KG2eXe,KG2eXe;Erl4fe:FloWmf,FloWmf;JsbNhc:Xd8iUd;sP4Vbe:VwDzFe;kMFpHd:OTA3Ae;uY49fb:COQbmf;Pjplud:PoEs9b,EEDORb;QGR0gd:Mlhmy;a56pNe:JEfCwb;Me32dd:MEeYgc;wR5FRb:TtcOte,O1Gjze;pXdRYb:JKoKVe;dIoSBb:ZgGg9b;EmZ2Bf:zr1jrb;NSEoX:lazG7b;eBAeSb:Ck63tb;WCEKNd:I46Hvd;wV5Pjc:L8KGxe;EVNhjf:pw70Gc;sTsDMc:kHVSUb;wQlYve:aLUfP;zOsCQe:Ko78Df;KcokUb:KiuZBf;kbAm9d:MkHyGd;g8nkx:U4MzKc;YV5bee:IvPZ6d;pNsl2d:j9Yuyc;EnlcNd:WeHg4;BjwMce:cXX2Wb;KpRAue:Tia57b;jY0zg:Q6tNgc;aZ61od:arTwJ;yGxLoc:FmAr0c;vfVwPd:lcrkwe;NPKaK:SdcwHb;LBgRLc:XVMNvd,SdcwHb;UyG7Kb:wQd0G;LsNahb:ucGLNb;w9w86d:dt4g2b;coJ8e:KvoW8;oSUNyd:fTfGO,fTfGO,pnvXVc;SMDL4c:fTfGO,pnvXVc;lzgfYb:PI40bd;qZx2Fc:j0xrE;IoGlCf:b5lhvb;w4rSdf:XKiZ9;h3MYod:cEt90b;eO3lse:nFClrf;zaIgPb:Qtpxbd;HMDDWe:G8QUdb;ShpF6e:N0pvGc;k2Qxcb:XY51pe;IBADCc:RYquRb;pKJiXd:VCenhc;rQSrae:C6D5Fc;kCQyJ:ueyPK;EABSZ:MXZt9d;qavrXe:zQzcXe;TxfV6d:YORN0b;UDrY1c:eps46d;F9mqte:UoRcbe;GleZL:J1A7Od;Nyt6ic:jn2sGd;JXS8fb:Qj0suc;w3bZCb:ZPGaIb;VGRfx:VFqbr;G0KhTb:LIaoZ;XUezZ:sa7lqb;aAJE9c:WHW6Ef;V2HTTe:RolTY;Wfmdue:g3MJlb;imqimf:jKGL2e;BgS6mb:fidj5d;gtVSi:ekUOYd;KQzWid:ZMKkN;UVmjEd:EesRsb;z97YGf:oug9te;AfeaP:TkrAjf;eBZ5Nd:audvde;CxXAWb:YyRLvc;VN6jIc:ddQyuf;OgagBe:cNTe0;SLtqO:Kh1xYe;tosKvd:ZCqP3;VOcgDe:YquhTb;uuQkY:u2V3ud;WDGyFe:jcVOxd;trZL0b:qY8PFe;VxQ32b:k0XsBb;DULqB:RKfG5c;Np8Qkd:Dpx6qc;bcPXSc:gSZLJb;cFTWae:gT8qnd;gaub4:TN6bMe;xBbsrc:NEW1Qc;DpcR3d:zL72xf;hjRo6e:F62sG;pj82le:mg5CW;dLlj2:Qqt3Gf;oUlnpc:RagDlc;Q1Ow7b:x5CSu;bFZ6gf:RsDQqe;ESrPQc:mNTJvc;R9Ulx:CR7Ufe;KOxcK:bFOvTc;G6wU6e:hezEbd;VsAqSb:PGf2Re;okUaUd:wItadb;ZWEUA:afR4Cf;U96pRd:FsR04;heHB1:sFczq;Fmv9Nc:O1Tzwc;hK67qb:QWEO5b;BMxAGc:E5bFse;R4IIIb:QWfeKf;whEZac:F4AmNb;tH4IIe:Ymry6;lkq0A:JyBE3e;daB6be:lMxGPd;LEikZe:byfTOb,lsjVmc/m=cdos,cr,hsm,jsa,mb4ZUb,d,csi,cEt90b,SNUn3,qddgKe,sTsDMc,dtl0hd,eHDfl:622:320
_.he.prototype.Kv@https://www.google.com/xjs/_/js/k=xjs.hd.en.kZtgrZ1ny3c.O/am=AAAAAAAAAAAAAAAAAAAAAAAgAAAAAACCBsIhgA0QABAAAAwQAAQAUCCCKAQwAAgEPJQJAADQBAgMgVkAUYFnCgAAJlAFAAAAAABAMAAAAAAgAACADgAAgIBGAAYkBJSAAAAAAOQBIDgAGEQQAAAAAAAAAAAAgIAnCAYXJAACAggAAAAAAAAAAAAApKTJxQAC/d=1/ed=1/dg=2/rs=ACT90oET_tNAWYFZZSSbqX3OReD8lJdAPA/ee=cEt90b:ws9Tlc;qddgKe:x4FYXe,d7YSfd;yxTchf:KUM7Z;dtl0hd:lLQWFe;eHDfl:ofjVkb;qaS3gd:yiLg6e;nAFL3:NTMZac,s39S4;oGtAuc:sOXFj;iFQyKf:vfuNJf,QIhFr;SNUn3:ZwDk9d,x8cHvb;io8t5d:sgY6Zb;Oj465e:KG2eXe,KG2eXe;Erl4fe:FloWmf,FloWmf;JsbNhc:Xd8iUd;sP4Vbe:VwDzFe;kMFpHd:OTA3Ae;uY49fb:COQbmf;Pjplud:PoEs9b,EEDORb;QGR0gd:Mlhmy;a56pNe:JEfCwb;Me32dd:MEeYgc;wR5FRb:TtcOte,O1Gjze;pXdRYb:JKoKVe;dIoSBb:ZgGg9b;EmZ2Bf:zr1jrb;NSEoX:lazG7b;eBAeSb:Ck63tb;WCEKNd:I46Hvd;wV5Pjc:L8KGxe;EVNhjf:pw70Gc;sTsDMc:kHVSUb;wQlYve:aLUfP;zOsCQe:Ko78Df;KcokUb:KiuZBf;kbAm9d:MkHyGd;g8nkx:U4MzKc;YV5bee:IvPZ6d;pNsl2d:j9Yuyc;EnlcNd:WeHg4;BjwMce:cXX2Wb;KpRAue:Tia57b;jY0zg:Q6tNgc;aZ61od:arTwJ;yGxLoc:FmAr0c;vfVwPd:lcrkwe;NPKaK:SdcwHb;LBgRLc:XVMNvd,SdcwHb;UyG7Kb:wQd0G;LsNahb:ucGLNb;w9w86d:dt4g2b;coJ8e:KvoW8;oSUNyd:fTfGO,fTfGO,pnvXVc;SMDL4c:fTfGO,pnvXVc;lzgfYb:PI40bd;qZx2Fc:j0xrE;IoGlCf:b5lhvb;w4rSdf:XKiZ9;h3MYod:cEt90b;eO3lse:nFClrf;zaIgPb:Qtpxbd;HMDDWe:G8QUdb;ShpF6e:N0pvGc;k2Qxcb:XY51pe;IBADCc:RYquRb;pKJiXd:VCenhc;rQSrae:C6D5Fc;kCQyJ:ueyPK;EABSZ:MXZt9d;qavrXe:zQzcXe;TxfV6d:YORN0b;UDrY1c:eps46d;F9mqte:UoRcbe;GleZL:J1A7Od;Nyt6ic:jn2sGd;JXS8fb:Qj0suc;w3bZCb:ZPGaIb;VGRfx:VFqbr;G0KhTb:LIaoZ;XUezZ:sa7lqb;aAJE9c:WHW6Ef;V2HTTe:RolTY;Wfmdue:g3MJlb;imqimf:jKGL2e;BgS6mb:fidj5d;gtVSi:ekUOYd;KQzWid:ZMKkN;UVmjEd:EesRsb;z97YGf:oug9te;AfeaP:TkrAjf;eBZ5Nd:audvde;CxXAWb:YyRLvc;VN6jIc:ddQyuf;OgagBe:cNTe0;SLtqO:Kh1xYe;tosKvd:ZCqP3;VOcgDe:YquhTb;uuQkY:u2V3ud;WDGyFe:jcVOxd;trZL0b:qY8PFe;VxQ32b:k0XsBb;DULqB:RKfG5c;Np8Qkd:Dpx6qc;bcPXSc:gSZLJb;cFTWae:gT8qnd;gaub4:TN6bMe;xBbsrc:NEW1Qc;DpcR3d:zL72xf;hjRo6e:F62sG;pj82le:mg5CW;dLlj2:Qqt3Gf;oUlnpc:RagDlc;Q1Ow7b:x5CSu;bFZ6gf:RsDQqe;ESrPQc:mNTJvc;R9Ulx:CR7Ufe;KOxcK:bFOvTc;G6wU6e:hezEbd;VsAqSb:PGf2Re;okUaUd:wItadb;ZWEUA:afR4Cf;U96pRd:FsR04;heHB1:sFczq;Fmv9Nc:O1Tzwc;hK67qb:QWEO5b;BMxAGc:E5bFse;R4IIIb:QWfeKf;whEZac:F4AmNb;tH4IIe:Ymry6;lkq0A:JyBE3e;daB6be:lMxGPd;LEikZe:byfTOb,lsjVmc/m=cdos,cr,hsm,jsa,mb4ZUb,d,csi,cEt90b,SNUn3,qddgKe,sTsDMc,dtl0hd,eHDfl:639:271
HTb@https://www.google.com/xjs/_/js/k=xjs.hd.en.kZtgrZ1ny3c.O/ck=xjs.hd.WZoM4DOKmEM.R.F4.O/am=AAAAAAAAAAAAAAAAAAAAAAAgAAAAAACCBsIhgA0QABAAAAwQAAQAUCCCKAQwAAgEPJQJAADQBAgMgVkAUYFnCgAAJlAFAAAAAABAMAAAAAAgAACADgAAgIBGAAYkBJSAAAAAAOQBIDgAGEQQAAAAAAAAAAAAgIAnCAYXJAACAggAAAAAAAAAAAAApKTJxQAC/d=1/exm=SNUn3,cEt90b,cdos,cr,csi,d,dtl0hd,eHDfl,hsm,jsa,mb4ZUb,qddgKe,sTsDMc/ed=1/dg=2/ujg=1/rs=ACT90oF4NwygIUL1Xg3Y-3VX8B7T3o7U0g/ee=AfeaP:TkrAjf;BMxAGc:E5bFse;BgS6mb:fidj5d;BjwMce:cXX2Wb;CxXAWb:YyRLvc;DULqB:RKfG5c;DpcR3d:zL72xf;EABSZ:MXZt9d;ESrPQc:mNTJvc;EVNhjf:pw70Gc;EmZ2Bf:zr1jrb;EnlcNd:WeHg4;Erl4fe:FloWmf;F9mqte:UoRcbe;Fmv9Nc:O1Tzwc;G0KhTb:LIaoZ;G6wU6e:hezEbd;GleZL:J1A7Od;HMDDWe:G8QUdb;IBADCc:RYquRb;IoGlCf:b5lhvb;JXS8fb:Qj0suc;JsbNhc:Xd8iUd;KOxcK:bFOvTc;KQzWid:ZMKkN;KcokUb:KiuZBf;KpRAue:Tia57b;LBgRLc:SdcwHb,XVMNvd;LEikZe:byfTOb,lsjVmc;LsNahb:ucGLNb;Me32dd:MEeYgc;NPKaK:SdcwHb;NSEoX:lazG7b;Np8Qkd:Dpx6qc;Nyt6ic:jn2sGd;OgagBe:cNTe0;Oj465e:KG2eXe;Pjplud:EEDORb,PoEs9b;Q1Ow7b:x5CSu;QGR0gd:Mlhmy;R4IIIb:QWfeKf;R9Ulx:CR7Ufe;SLtqO:Kh1xYe;SMDL4c:fTfGO,pnvXVc;SNUn3:ZwDk9d,x8cHvb;ShpF6e:N0pvGc;TxfV6d:YORN0b;U96pRd:FsR04;UDrY1c:eps46d;UVmjEd:EesRsb;UyG7Kb:wQd0G;V2HTTe:RolTY;VGRfx:VFqbr;VN6jIc:ddQyuf;VOcgDe:YquhTb;VsAqSb:PGf2Re;VxQ32b:k0XsBb;WCEKNd:I46Hvd;WDGyFe:jcVOxd;Wfmdue:g3MJlb;XUezZ:sa7lqb;YV5bee:IvPZ6d;ZWEUA:afR4Cf;a56pNe:JEfCwb;aAJE9c:WHW6Ef;aZ61od:arTwJ;bFZ6gf:RsDQqe;bcPXSc:gSZLJb;cEt90b:ws9Tlc;cFTWae:gT8qnd;coJ8e:KvoW8;dIoSBb:ZgGg9b;dLlj2:Qqt3Gf;daB6be:lMxGPd;dtl0hd:lLQWFe;eBAeSb:Ck63tb;eBZ5Nd:audvde;eHDfl:ofjVkb;eO3lse:nFClrf;g8nkx:U4MzKc;gaub4:TN6bMe;gtVSi:ekUOYd;h3MYod:cEt90b;hK67qb:QWEO5b;heHB1:sFczq;hjRo6e:F62sG;iFQyKf:QIhFr,vfuNJf;imqimf:jKGL2e;io8t5d:sgY6Zb;jY0zg:Q6tNgc;k2Qxcb:XY51pe;kCQyJ:ueyPK;kMFpHd:OTA3Ae;kbAm9d:MkHyGd;lkq0A:JyBE3e;lzgfYb:PI40bd;nAFL3:NTMZac,s39S4;oGtAuc:sOXFj;oSUNyd:fTfGO,pnvXVc;oUlnpc:RagDlc;okUaUd:wItadb;pKJiXd:VCenhc;pNsl2d:j9Yuyc;pXdRYb:JKoKVe;pj82le:mg5CW;qZx2Fc:j0xrE;qaS3gd:yiLg6e;qavrXe:zQzcXe;qddgKe:d7YSfd,x4FYXe;rQSrae:C6D5Fc;sP4Vbe:VwDzFe;sTsDMc:kHVSUb;tH4IIe:Ymry6;tosKvd:ZCqP3;trZL0b:qY8PFe;uY49fb:COQbmf;uuQkY:u2V3ud;vfVwPd:lcrkwe;w3bZCb:ZPGaIb;w4rSdf:XKiZ9;w9w86d:dt4g2b;wQlYve:aLUfP;wR5FRb:O1Gjze,TtcOte;wV5Pjc:L8KGxe;whEZac:F4AmNb;xBbsrc:NEW1Qc;yGxLoc:FmAr0c;yxTchf:KUM7Z;z97YGf:oug9te;zOsCQe:Ko78Df;zaIgPb:Qtpxbd/m=B2qlPe,DhPYme,EkevXb,GU4Gab,MpJwZc,NzU6V,UUJqVe,aa,abd,async,epYOx,ms4mZb,mu,pHXghd,q0xTif,s39S4,sOXFj,sb_wiz,sf,spch?xjs=s1:28:77
ITb/<@https://www.google.com/xjs/_/js/k=xjs.hd.en.kZtgrZ1ny3c.O/ck=xjs.hd.WZoM4DOKmEM.R.F4.O/am=AAAAAAAAAAAAAAAAAAAAAAAgAAAAAACCBsIhgA0QABAAAAwQAAQAUCCCKAQwAAgEPJQJAADQBAgMgVkAUYFnCgAAJlAFAAAAAABAMAAAAAAgAACADgAAgIBGAAYkBJSAAAAAAOQBIDgAGEQQAAAAAAAAAAAAgIAnCAYXJAACAggAAAAAAAAAAAAApKTJxQAC/d=1/exm=SNUn3,cEt90b,cdos,cr,csi,d,dtl0hd,eHDfl,hsm,jsa,mb4ZUb,qddgKe,sTsDMc/ed=1/dg=2/ujg=1/rs=ACT90oF4NwygIUL1Xg3Y-3VX8B7T3o7U0g/ee=AfeaP:TkrAjf;BMxAGc:E5bFse;BgS6mb:fidj5d;BjwMce:cXX2Wb;CxXAWb:YyRLvc;DULqB:RKfG5c;DpcR3d:zL72xf;EABSZ:MXZt9d;ESrPQc:mNTJvc;EVNhjf:pw70Gc;EmZ2Bf:zr1jrb;EnlcNd:WeHg4;Erl4fe:FloWmf;F9mqte:UoRcbe;Fmv9Nc:O1Tzwc;G0KhTb:LIaoZ;G6wU6e:hezEbd;GleZL:J1A7Od;HMDDWe:G8QUdb;IBADCc:RYquRb;IoGlCf:b5lhvb;JXS8fb:Qj0suc;JsbNhc:Xd8iUd;KOxcK:bFOvTc;KQzWid:ZMKkN;KcokUb:KiuZBf;KpRAue:Tia57b;LBgRLc:SdcwHb,XVMNvd;LEikZe:byfTOb,lsjVmc;LsNahb:ucGLNb;Me32dd:MEeYgc;NPKaK:SdcwHb;NSEoX:lazG7b;Np8Qkd:Dpx6qc;Nyt6ic:jn2sGd;OgagBe:cNTe0;Oj465e:KG2eXe;Pjplud:EEDORb,PoEs9b;Q1Ow7b:x5CSu;QGR0gd:Mlhmy;R4IIIb:QWfeKf;R9Ulx:CR7Ufe;SLtqO:Kh1xYe;SMDL4c:fTfGO,pnvXVc;SNUn3:ZwDk9d,x8cHvb;ShpF6e:N0pvGc;TxfV6d:YORN0b;U96pRd:FsR04;UDrY1c:eps46d;UVmjEd:EesRsb;UyG7Kb:wQd0G;V2HTTe:RolTY;VGRfx:VFqbr;VN6jIc:ddQyuf;VOcgDe:YquhTb;VsAqSb:PGf2Re;VxQ32b:k0XsBb;WCEKNd:I46Hvd;WDGyFe:jcVOxd;Wfmdue:g3MJlb;XUezZ:sa7lqb;YV5bee:IvPZ6d;ZWEUA:afR4Cf;a56pNe:JEfCwb;aAJE9c:WHW6Ef;aZ61od:arTwJ;bFZ6gf:RsDQqe;bcPXSc:gSZLJb;cEt90b:ws9Tlc;cFTWae:gT8qnd;coJ8e:KvoW8;dIoSBb:ZgGg9b;dLlj2:Qqt3Gf;daB6be:lMxGPd;dtl0hd:lLQWFe;eBAeSb:Ck63tb;eBZ5Nd:audvde;eHDfl:ofjVkb;eO3lse:nFClrf;g8nkx:U4MzKc;gaub4:TN6bMe;gtVSi:ekUOYd;h3MYod:cEt90b;hK67qb:QWEO5b;heHB1:sFczq;hjRo6e:F62sG;iFQyKf:QIhFr,vfuNJf;imqimf:jKGL2e;io8t5d:sgY6Zb;jY0zg:Q6tNgc;k2Qxcb:XY51pe;kCQyJ:ueyPK;kMFpHd:OTA3Ae;kbAm9d:MkHyGd;lkq0A:JyBE3e;lzgfYb:PI40bd;nAFL3:NTMZac,s39S4;oGtAuc:sOXFj;oSUNyd:fTfGO,pnvXVc;oUlnpc:RagDlc;okUaUd:wItadb;pKJiXd:VCenhc;pNsl2d:j9Yuyc;pXdRYb:JKoKVe;pj82le:mg5CW;qZx2Fc:j0xrE;qaS3gd:yiLg6e;qavrXe:zQzcXe;qddgKe:d7YSfd,x4FYXe;rQSrae:C6D5Fc;sP4Vbe:VwDzFe;sTsDMc:kHVSUb;tH4IIe:Ymry6;tosKvd:ZCqP3;trZL0b:qY8PFe;uY49fb:COQbmf;uuQkY:u2V3ud;vfVwPd:lcrkwe;w3bZCb:ZPGaIb;w4rSdf:XKiZ9;w9w86d:dt4g2b;wQlYve:aLUfP;wR5FRb:O1Gjze,TtcOte;wV5Pjc:L8KGxe;whEZac:F4AmNb;xBbsrc:NEW1Qc;yGxLoc:FmAr0c;yxTchf:KUM7Z;z97YGf:oug9te;zOsCQe:Ko78Df;zaIgPb:Qtpxbd/m=B2qlPe,DhPYme,EkevXb,GU4Gab,MpJwZc,NzU6V,UUJqVe,aa,abd,async,epYOx,ms4mZb,mu,pHXghd,q0xTif,s39S4,sOXFj,sb_wiz,sf,spch?xjs=s1:27:998

Dynamically enable window occlusion 1
1702455016015	geckodriver	INFO	Listening on 127.0.0.1:53262
1702455019024	mozrunner::runner	INFO	Running command: "C:\\Program Files\\Mozilla Firefox\\firefox.exe" "--marionette" "--remote-debugging-port" "53263" "--remote-allow-hosts" "localhost" "-no-remote" "-profile" "C:\\Users\\almog\\AppData\\Local\\Temp\\rust_mozprofile6KHQRm"
console.warn: services.settings: Ignoring preference override of remote settings server
console.warn: services.settings: Allow by setting MOZ_REMOTE_SETTINGS_DEVTOOLS=1 in the environment
1702455019844	Marionette	INFO	Marionette enabled
Dynamically enable window occlusion 0
1702455020018	Marionette	INFO	Listening on port 53270
Read port: 53270
WebDriver BiDi listening on ws://127.0.0.1:53263
1702455020223	RemoteAgent	WARN	TLS certificate errors will be ignored for this session
DevTools listening on ws://127.0.0.1:53263/devtools/browser/83f3eac9-4b5a-4b8a-a981-b666c35a621c
console.warn: LoginRecipes: "Falling back to a synchronous message for: https://www.saucedemo.com."
console.warn: LoginRecipes: "Falling back to a synchronous message for: https://www.saucedemo.com."
1702455045261	Marionette	INFO	Stopped listening on port 53270
Dynamically enable window occlusion 1
1702455063302	geckodriver	INFO	Listening on 127.0.0.1:53319
1702455066375	mozrunner::runner	INFO	Running command: "C:\\Program Files\\Mozilla Firefox\\firefox.exe" "--marionette" "--remote-debugging-port" "53320" "--remote-allow-hosts" "localhost" "-no-remote" "-profile" "C:\\Users\\almog\\AppData\\Local\\Temp\\rust_mozprofilemisH1Z"
console.warn: services.settings: Ignoring preference override of remote settings server
console.warn: services.settings: Allow by setting MOZ_REMOTE_SETTINGS_DEVTOOLS=1 in the environment
1702455067320	Marionette	INFO	Marionette enabled
Dynamically enable window occlusion 0
1702455067504	Marionette	INFO	Listening on port 53329
WebDriver BiDi listening on ws://127.0.0.1:53320
Read port: 53329
1702455068113	RemoteAgent	WARN	TLS certificate errors will be ignored for this session
DevTools listening on ws://127.0.0.1:53320/devtools/browser/99b7afa3-89e3-4aa0-958d-bc251d1732f5
console.warn: LoginRecipes: "Falling back to a synchronous message for: https://www.saucedemo.com."
1702455077530	Marionette	INFO	Stopped listening on port 53329
Dynamically enable window occlusion 1
1702455090673	geckodriver	INFO	Listening on 127.0.0.1:53361
1702455093705	mozrunner::runner	INFO	Running command: "C:\\Program Files\\Mozilla Firefox\\firefox.exe" "--marionette" "--remote-debugging-port" "53362" "--remote-allow-hosts" "localhost" "-no-remote" "-profile" "C:\\Users\\almog\\AppData\\Local\\Temp\\rust_mozprofileln8s6E"
console.warn: services.settings: Ignoring preference override of remote settings server
console.warn: services.settings: Allow by setting MOZ_REMOTE_SETTINGS_DEVTOOLS=1 in the environment
1702455094519	Marionette	INFO	Marionette enabled
Dynamically enable window occlusion 0
1702455094698	Marionette	INFO	Listening on port 53369
Read port: 53369
WebDriver BiDi listening on ws://127.0.0.1:53362
1702455094898	RemoteAgent	WARN	TLS certificate errors will be ignored for this session
DevTools listening on ws://127.0.0.1:53362/devtools/browser/b2ac2a81-3ed7-4b01-8766-685eb1e0fd80
console.warn: LoginRecipes: "Falling back to a synchronous message for: https://www.saucedemo.com."
console.warn: LoginRecipes: "Falling back to a synchronous message for: https://www.saucedemo.com."
1702455104502	Marionette	INFO	Stopped listening on port 53369
Dynamically enable window occlusion 1
!!! error running onStopped callback: TypeError: callback is not a function
1702455120456	geckodriver	INFO	Listening on 127.0.0.1:53407
1702455124664	mozrunner::runner	INFO	Running command: "C:\\Program Files\\Mozilla Firefox\\firefox.exe" "--marionette" "--remote-debugging-port" "53408" "--remote-allow-hosts" "localhost" "-no-remote" "-profile" "C:\\Users\\almog\\AppData\\Local\\Temp\\rust_mozprofileP3SVRt"
console.warn: services.settings: Ignoring preference override of remote settings server
console.warn: services.settings: Allow by setting MOZ_REMOTE_SETTINGS_DEVTOOLS=1 in the environment
1702455125603	Marionette	INFO	Marionette enabled
Dynamically enable window occlusion 0
1702455125843	Marionette	INFO	Listening on port 53416
WebDriver BiDi listening on ws://127.0.0.1:53408
Read port: 53416
1702455127075	RemoteAgent	WARN	TLS certificate errors will be ignored for this session
DevTools listening on ws://127.0.0.1:53408/devtools/browser/5670353d-5d8e-48e8-8f9e-bb1309bbbf96
console.warn: LoginRecipes: "Falling back to a synchronous message for: https://www.saucedemo.com."
console.warn: LoginRecipes: "Falling back to a synchronous message for: https://www.saucedemo.com."
1702455168199	Marionette	INFO	Stopped listening on port 53416
Dynamically enable window occlusion 1
1702455169680	addons.xpi	ERROR	System addon update list error Error: Failed downloading XML, status: 0, channelStatus: 2152398868, errorCode: 2, reason: error
console.error: services.settings: 
  Message: NetworkError: Network error: TypeError: NetworkError: Network request failed
  Stack:
    APIError@resource://services-settings/RemoteSettingsClient.sys.mjs:107:1
NetworkError@resource://services-settings/RemoteSettingsClient.sys.mjs:111:5
_adjustedError@resource://services-settings/RemoteSettingsClient.sys.mjs:907:14
maybeSync@resource://services-settings/RemoteSettingsClient.sys.mjs:812:38
observe@resource://gre/modules/AsyncShutdown.sys.mjs:573:17

console.error: (new Error("IndexedDB: main/nimbus-desktop-experiments getLastModified() IndexedDB:  execute() The application is shutting down", "resource://services-settings/IDBHelpers.sys.mjs", 16))
1702456126160	geckodriver	INFO	Listening on 127.0.0.1:61031
1702456129168	mozrunner::runner	INFO	Running command: "C:\\Program Files\\Mozilla Firefox\\firefox.exe" "--marionette" "--remote-debugging-port" "61032" "--remote-allow-hosts" "localhost" "-no-remote" "-profile" "C:\\Users\\almog\\AppData\\Local\\Temp\\rust_mozprofileWMCa4G"
console.warn: services.settings: Ignoring preference override of remote settings server
console.warn: services.settings: Allow by setting MOZ_REMOTE_SETTINGS_DEVTOOLS=1 in the environment
1702456129872	Marionette	INFO	Marionette enabled
Dynamically enable window occlusion 0
1702456130019	Marionette	INFO	Listening on port 61040
WebDriver BiDi listening on ws://127.0.0.1:61032
Read port: 61040
1702456130435	RemoteAgent	WARN	TLS certificate errors will be ignored for this session
DevTools listening on ws://127.0.0.1:61032/devtools/browser/05ab8527-482b-41f5-8d5b-56b0d4ac0cd2
1702456139022	Marionette	INFO	Stopped listening on port 61040
JavaScript warning: https://www.google.com/xjs/_/js/k=xjs.hd.en.kZtgrZ1ny3c.O/am=AAAAAAAAAAAAAAAAAAAAAAAgAAAAAACCBsIhgA0QABAAAAwQAAQAUCCCKAQwAAgEPJQJAADQBAgMgVkAUYFnCgAAJlAFAAAAAABAMAAAAAAgAACADgAAgIBGAAYgBJSAAAAAAOQBIDgAGEQQAAAAAAAAAAAAgIAnCAYXJAACAggAAAAAAAAAAAAApKTJxQAC/d=1/ed=1/dg=2/rs=ACT90oGXUoYULqJopT1rrXMcQnyvSFzhQw/ee=cEt90b:ws9Tlc;qddgKe:x4FYXe,d7YSfd;yxTchf:KUM7Z;dtl0hd:lLQWFe;eHDfl:ofjVkb;qaS3gd:yiLg6e;nAFL3:NTMZac,s39S4;oGtAuc:sOXFj;iFQyKf:vfuNJf,QIhFr;SNUn3:ZwDk9d,x8cHvb;io8t5d:sgY6Zb;Oj465e:KG2eXe,KG2eXe;Erl4fe:FloWmf,FloWmf;JsbNhc:Xd8iUd;sP4Vbe:VwDzFe;kMFpHd:OTA3Ae;uY49fb:COQbmf;Pjplud:PoEs9b,EEDORb;QGR0gd:Mlhmy;a56pNe:JEfCwb;Me32dd:MEeYgc;wR5FRb:TtcOte,O1Gjze;pXdRYb:JKoKVe;dIoSBb:ZgGg9b;EmZ2Bf:zr1jrb;NSEoX:lazG7b;eBAeSb:Ck63tb;WCEKNd:I46Hvd;wV5Pjc:L8KGxe;EVNhjf:pw70Gc;sTsDMc:kHVSUb;wQlYve:aLUfP;zOsCQe:Ko78Df;KcokUb:KiuZBf;kbAm9d:MkHyGd;g8nkx:U4MzKc;YV5bee:IvPZ6d;pNsl2d:j9Yuyc;EnlcNd:WeHg4;BjwMce:cXX2Wb;KpRAue:Tia57b;jY0zg:Q6tNgc;aZ61od:arTwJ;yGxLoc:FmAr0c;vfVwPd:lcrkwe;NPKaK:SdcwHb;LBgRLc:XVMNvd,SdcwHb;UyG7Kb:wQd0G;LsNahb:ucGLNb;w9w86d:dt4g2b;coJ8e:KvoW8;oSUNyd:fTfGO,fTfGO,pnvXVc;SMDL4c:fTfGO,pnvXVc;lzgfYb:PI40bd;qZx2Fc:j0xrE;IoGlCf:b5lhvb;w4rSdf:XKiZ9;h3MYod:cEt90b;eO3lse:nFClrf;zaIgPb:Qtpxbd;HMDDWe:G8QUdb;ShpF6e:N0pvGc;k2Qxcb:XY51pe;IBADCc:RYquRb;pKJiXd:VCenhc;rQSrae:C6D5Fc;kCQyJ:ueyPK;EABSZ:MXZt9d;qavrXe:zQzcXe;TxfV6d:YORN0b;UDrY1c:eps46d;F9mqte:UoRcbe;GleZL:J1A7Od;Nyt6ic:jn2sGd;JXS8fb:Qj0suc;w3bZCb:ZPGaIb;VGRfx:VFqbr;G0KhTb:LIaoZ;XUezZ:sa7lqb;aAJE9c:WHW6Ef;V2HTTe:RolTY;Wfmdue:g3MJlb;imqimf:jKGL2e;BgS6mb:fidj5d;gtVSi:ekUOYd;KQzWid:ZMKkN;UVmjEd:EesRsb;z97YGf:oug9te;AfeaP:TkrAjf;eBZ5Nd:audvde;CxXAWb:YyRLvc;VN6jIc:ddQyuf;OgagBe:cNTe0;SLtqO:Kh1xYe;tosKvd:ZCqP3;VOcgDe:YquhTb;uuQkY:u2V3ud;WDGyFe:jcVOxd;trZL0b:qY8PFe;VxQ32b:k0XsBb;DULqB:RKfG5c;Np8Qkd:Dpx6qc;bcPXSc:gSZLJb;cFTWae:gT8qnd;gaub4:TN6bMe;xBbsrc:NEW1Qc;DpcR3d:zL72xf;hjRo6e:F62sG;pj82le:mg5CW;dLlj2:Qqt3Gf;oUlnpc:RagDlc;Q1Ow7b:x5CSu;bFZ6gf:RsDQqe;ESrPQc:mNTJvc;R9Ulx:CR7Ufe;KOxcK:bFOvTc;G6wU6e:hezEbd;VsAqSb:PGf2Re;okUaUd:wItadb;ZWEUA:afR4Cf;U96pRd:FsR04;heHB1:sFczq;Fmv9Nc:O1Tzwc;hK67qb:QWEO5b;BMxAGc:E5bFse;R4IIIb:QWfeKf;whEZac:F4AmNb;tH4IIe:Ymry6;lkq0A:JyBE3e;daB6be:lMxGPd;LEikZe:byfTOb,lsjVmc/m=cdos,cr,hsm,jsa,mb4ZUb,d,csi,cEt90b,SNUn3,qddgKe,sTsDMc,dtl0hd,eHDfl, line 622: Script terminated by timeout at:
rCa@https://www.google.com/xjs/_/js/k=xjs.hd.en.kZtgrZ1ny3c.O/am=AAAAAAAAAAAAAAAAAAAAAAAgAAAAAACCBsIhgA0QABAAAAwQAAQAUCCCKAQwAAgEPJQJAADQBAgMgVkAUYFnCgAAJlAFAAAAAABAMAAAAAAgAACADgAAgIBGAAYgBJSAAAAAAOQBIDgAGEQQAAAAAAAAAAAAgIAnCAYXJAACAggAAAAAAAAAAAAApKTJxQAC/d=1/ed=1/dg=2/rs=ACT90oGXUoYULqJopT1rrXMcQnyvSFzhQw/ee=cEt90b:ws9Tlc;qddgKe:x4FYXe,d7YSfd;yxTchf:KUM7Z;dtl0hd:lLQWFe;eHDfl:ofjVkb;qaS3gd:yiLg6e;nAFL3:NTMZac,s39S4;oGtAuc:sOXFj;iFQyKf:vfuNJf,QIhFr;SNUn3:ZwDk9d,x8cHvb;io8t5d:sgY6Zb;Oj465e:KG2eXe,KG2eXe;Erl4fe:FloWmf,FloWmf;JsbNhc:Xd8iUd;sP4Vbe:VwDzFe;kMFpHd:OTA3Ae;uY49fb:COQbmf;Pjplud:PoEs9b,EEDORb;QGR0gd:Mlhmy;a56pNe:JEfCwb;Me32dd:MEeYgc;wR5FRb:TtcOte,O1Gjze;pXdRYb:JKoKVe;dIoSBb:ZgGg9b;EmZ2Bf:zr1jrb;NSEoX:lazG7b;eBAeSb:Ck63tb;WCEKNd:I46Hvd;wV5Pjc:L8KGxe;EVNhjf:pw70Gc;sTsDMc:kHVSUb;wQlYve:aLUfP;zOsCQe:Ko78Df;KcokUb:KiuZBf;kbAm9d:MkHyGd;g8nkx:U4MzKc;YV5bee:IvPZ6d;pNsl2d:j9Yuyc;EnlcNd:WeHg4;BjwMce:cXX2Wb;KpRAue:Tia57b;jY0zg:Q6tNgc;aZ61od:arTwJ;yGxLoc:FmAr0c;vfVwPd:lcrkwe;NPKaK:SdcwHb;LBgRLc:XVMNvd,SdcwHb;UyG7Kb:wQd0G;LsNahb:ucGLNb;w9w86d:dt4g2b;coJ8e:KvoW8;oSUNyd:fTfGO,fTfGO,pnvXVc;SMDL4c:fTfGO,pnvXVc;lzgfYb:PI40bd;qZx2Fc:j0xrE;IoGlCf:b5lhvb;w4rSdf:XKiZ9;h3MYod:cEt90b;eO3lse:nFClrf;zaIgPb:Qtpxbd;HMDDWe:G8QUdb;ShpF6e:N0pvGc;k2Qxcb:XY51pe;IBADCc:RYquRb;pKJiXd:VCenhc;rQSrae:C6D5Fc;kCQyJ:ueyPK;EABSZ:MXZt9d;qavrXe:zQzcXe;TxfV6d:YORN0b;UDrY1c:eps46d;F9mqte:UoRcbe;GleZL:J1A7Od;Nyt6ic:jn2sGd;JXS8fb:Qj0suc;w3bZCb:ZPGaIb;VGRfx:VFqbr;G0KhTb:LIaoZ;XUezZ:sa7lqb;aAJE9c:WHW6Ef;V2HTTe:RolTY;Wfmdue:g3MJlb;imqimf:jKGL2e;BgS6mb:fidj5d;gtVSi:ekUOYd;KQzWid:ZMKkN;UVmjEd:EesRsb;z97YGf:oug9te;AfeaP:TkrAjf;eBZ5Nd:audvde;CxXAWb:YyRLvc;VN6jIc:ddQyuf;OgagBe:cNTe0;SLtqO:Kh1xYe;tosKvd:ZCqP3;VOcgDe:YquhTb;uuQkY:u2V3ud;WDGyFe:jcVOxd;trZL0b:qY8PFe;VxQ32b:k0XsBb;DULqB:RKfG5c;Np8Qkd:Dpx6qc;bcPXSc:gSZLJb;cFTWae:gT8qnd;gaub4:TN6bMe;xBbsrc:NEW1Qc;DpcR3d:zL72xf;hjRo6e:F62sG;pj82le:mg5CW;dLlj2:Qqt3Gf;oUlnpc:RagDlc;Q1Ow7b:x5CSu;bFZ6gf:RsDQqe;ESrPQc:mNTJvc;R9Ulx:CR7Ufe;KOxcK:bFOvTc;G6wU6e:hezEbd;VsAqSb:PGf2Re;okUaUd:wItadb;ZWEUA:afR4Cf;U96pRd:FsR04;heHB1:sFczq;Fmv9Nc:O1Tzwc;hK67qb:QWEO5b;BMxAGc:E5bFse;R4IIIb:QWfeKf;whEZac:F4AmNb;tH4IIe:Ymry6;lkq0A:JyBE3e;daB6be:lMxGPd;LEikZe:byfTOb,lsjVmc/m=cdos,cr,hsm,jsa,mb4ZUb,d,csi,cEt90b,SNUn3,qddgKe,sTsDMc,dtl0hd,eHDfl:622:320
_.he.prototype.Kv@https://www.google.com/xjs/_/js/k=xjs.hd.en.kZtgrZ1ny3c.O/am=AAAAAAAAAAAAAAAAAAAAAAAgAAAAAACCBsIhgA0QABAAAAwQAAQAUCCCKAQwAAgEPJQJAADQBAgMgVkAUYFnCgAAJlAFAAAAAABAMAAAAAAgAACADgAAgIBGAAYgBJSAAAAAAOQBIDgAGEQQAAAAAAAAAAAAgIAnCAYXJAACAggAAAAAAAAAAAAApKTJxQAC/d=1/ed=1/dg=2/rs=ACT90oGXUoYULqJopT1rrXMcQnyvSFzhQw/ee=cEt90b:ws9Tlc;qddgKe:x4FYXe,d7YSfd;yxTchf:KUM7Z;dtl0hd:lLQWFe;eHDfl:ofjVkb;qaS3gd:yiLg6e;nAFL3:NTMZac,s39S4;oGtAuc:sOXFj;iFQyKf:vfuNJf,QIhFr;SNUn3:ZwDk9d,x8cHvb;io8t5d:sgY6Zb;Oj465e:KG2eXe,KG2eXe;Erl4fe:FloWmf,FloWmf;JsbNhc:Xd8iUd;sP4Vbe:VwDzFe;kMFpHd:OTA3Ae;uY49fb:COQbmf;Pjplud:PoEs9b,EEDORb;QGR0gd:Mlhmy;a56pNe:JEfCwb;Me32dd:MEeYgc;wR5FRb:TtcOte,O1Gjze;pXdRYb:JKoKVe;dIoSBb:ZgGg9b;EmZ2Bf:zr1jrb;NSEoX:lazG7b;eBAeSb:Ck63tb;WCEKNd:I46Hvd;wV5Pjc:L8KGxe;EVNhjf:pw70Gc;sTsDMc:kHVSUb;wQlYve:aLUfP;zOsCQe:Ko78Df;KcokUb:KiuZBf;kbAm9d:MkHyGd;g8nkx:U4MzKc;YV5bee:IvPZ6d;pNsl2d:j9Yuyc;EnlcNd:WeHg4;BjwMce:cXX2Wb;KpRAue:Tia57b;jY0zg:Q6tNgc;aZ61od:arTwJ;yGxLoc:FmAr0c;vfVwPd:lcrkwe;NPKaK:SdcwHb;LBgRLc:XVMNvd,SdcwHb;UyG7Kb:wQd0G;LsNahb:ucGLNb;w9w86d:dt4g2b;coJ8e:KvoW8;oSUNyd:fTfGO,fTfGO,pnvXVc;SMDL4c:fTfGO,pnvXVc;lzgfYb:PI40bd;qZx2Fc:j0xrE;IoGlCf:b5lhvb;w4rSdf:XKiZ9;h3MYod:cEt90b;eO3lse:nFClrf;zaIgPb:Qtpxbd;HMDDWe:G8QUdb;ShpF6e:N0pvGc;k2Qxcb:XY51pe;IBADCc:RYquRb;pKJiXd:VCenhc;rQSrae:C6D5Fc;kCQyJ:ueyPK;EABSZ:MXZt9d;qavrXe:zQzcXe;TxfV6d:YORN0b;UDrY1c:eps46d;F9mqte:UoRcbe;GleZL:J1A7Od;Nyt6ic:jn2sGd;JXS8fb:Qj0suc;w3bZCb:ZPGaIb;VGRfx:VFqbr;G0KhTb:LIaoZ;XUezZ:sa7lqb;aAJE9c:WHW6Ef;V2HTTe:RolTY;Wfmdue:g3MJlb;imqimf:jKGL2e;BgS6mb:fidj5d;gtVSi:ekUOYd;KQzWid:ZMKkN;UVmjEd:EesRsb;z97YGf:oug9te;AfeaP:TkrAjf;eBZ5Nd:audvde;CxXAWb:YyRLvc;VN6jIc:ddQyuf;OgagBe:cNTe0;SLtqO:Kh1xYe;tosKvd:ZCqP3;VOcgDe:YquhTb;uuQkY:u2V3ud;WDGyFe:jcVOxd;trZL0b:qY8PFe;VxQ32b:k0XsBb;DULqB:RKfG5c;Np8Qkd:Dpx6qc;bcPXSc:gSZLJb;cFTWae:gT8qnd;gaub4:TN6bMe;xBbsrc:NEW1Qc;DpcR3d:zL72xf;hjRo6e:F62sG;pj82le:mg5CW;dLlj2:Qqt3Gf;oUlnpc:RagDlc;Q1Ow7b:x5CSu;bFZ6gf:RsDQqe;ESrPQc:mNTJvc;R9Ulx:CR7Ufe;KOxcK:bFOvTc;G6wU6e:hezEbd;VsAqSb:PGf2Re;okUaUd:wItadb;ZWEUA:afR4Cf;U96pRd:FsR04;heHB1:sFczq;Fmv9Nc:O1Tzwc;hK67qb:QWEO5b;BMxAGc:E5bFse;R4IIIb:QWfeKf;whEZac:F4AmNb;tH4IIe:Ymry6;lkq0A:JyBE3e;daB6be:lMxGPd;LEikZe:byfTOb,lsjVmc/m=cdos,cr,hsm,jsa,mb4ZUb,d,csi,cEt90b,SNUn3,qddgKe,sTsDMc,dtl0hd,eHDfl:639:271
HTb@https://www.google.com/xjs/_/js/k=xjs.hd.en.kZtgrZ1ny3c.O/ck=xjs.hd.WZoM4DOKmEM.R.F4.O/am=AAAAAAAAAAAAAAAAAAAAAAAgAAAAAACCBsIhgA0QABAAAAwQAAQAUCCCKAQwAAgEPJQJAADQBAgMgVkAUYFnCgAAJlAFAAAAAABAMAAAAAAgAACADgAAgIBGAAYgBJSAAAAAAOQBIDgAGEQQAAAAAAAAAAAAgIAnCAYXJAACAggAAAAAAAAAAAAApKTJxQAC/d=1/exm=SNUn3,cEt90b,cdos,cr,csi,d,dtl0hd,eHDfl,hsm,jsa,mb4ZUb,qddgKe,sTsDMc/ed=1/dg=2/ujg=1/rs=ACT90oHqm2IVdjZe3EXSpiMZ17IZNgi7gw/ee=AfeaP:TkrAjf;BMxAGc:E5bFse;BgS6mb:fidj5d;BjwMce:cXX2Wb;CxXAWb:YyRLvc;DULqB:RKfG5c;DpcR3d:zL72xf;EABSZ:MXZt9d;ESrPQc:mNTJvc;EVNhjf:pw70Gc;EmZ2Bf:zr1jrb;EnlcNd:WeHg4;Erl4fe:FloWmf;F9mqte:UoRcbe;Fmv9Nc:O1Tzwc;G0KhTb:LIaoZ;G6wU6e:hezEbd;GleZL:J1A7Od;HMDDWe:G8QUdb;IBADCc:RYquRb;IoGlCf:b5lhvb;JXS8fb:Qj0suc;JsbNhc:Xd8iUd;KOxcK:bFOvTc;KQzWid:ZMKkN;KcokUb:KiuZBf;KpRAue:Tia57b;LBgRLc:SdcwHb,XVMNvd;LEikZe:byfTOb,lsjVmc;LsNahb:ucGLNb;Me32dd:MEeYgc;NPKaK:SdcwHb;NSEoX:lazG7b;Np8Qkd:Dpx6qc;Nyt6ic:jn2sGd;OgagBe:cNTe0;Oj465e:KG2eXe;Pjplud:EEDORb,PoEs9b;Q1Ow7b:x5CSu;QGR0gd:Mlhmy;R4IIIb:QWfeKf;R9Ulx:CR7Ufe;SLtqO:Kh1xYe;SMDL4c:fTfGO,pnvXVc;SNUn3:ZwDk9d,x8cHvb;ShpF6e:N0pvGc;TxfV6d:YORN0b;U96pRd:FsR04;UDrY1c:eps46d;UVmjEd:EesRsb;UyG7Kb:wQd0G;V2HTTe:RolTY;VGRfx:VFqbr;VN6jIc:ddQyuf;VOcgDe:YquhTb;VsAqSb:PGf2Re;VxQ32b:k0XsBb;WCEKNd:I46Hvd;WDGyFe:jcVOxd;Wfmdue:g3MJlb;XUezZ:sa7lqb;YV5bee:IvPZ6d;ZWEUA:afR4Cf;a56pNe:JEfCwb;aAJE9c:WHW6Ef;aZ61od:arTwJ;bFZ6gf:RsDQqe;bcPXSc:gSZLJb;cEt90b:ws9Tlc;cFTWae:gT8qnd;coJ8e:KvoW8;dIoSBb:ZgGg9b;dLlj2:Qqt3Gf;daB6be:lMxGPd;dtl0hd:lLQWFe;eBAeSb:Ck63tb;eBZ5Nd:audvde;eHDfl:ofjVkb;eO3lse:nFClrf;g8nkx:U4MzKc;gaub4:TN6bMe;gtVSi:ekUOYd;h3MYod:cEt90b;hK67qb:QWEO5b;heHB1:sFczq;hjRo6e:F62sG;iFQyKf:QIhFr,vfuNJf;imqimf:jKGL2e;io8t5d:sgY6Zb;jY0zg:Q6tNgc;k2Qxcb:XY51pe;kCQyJ:ueyPK;kMFpHd:OTA3Ae;kbAm9d:MkHyGd;lkq0A:JyBE3e;lzgfYb:PI40bd;nAFL3:NTMZac,s39S4;oGtAuc:sOXFj;oSUNyd:fTfGO,pnvXVc;oUlnpc:RagDlc;okUaUd:wItadb;pKJiXd:VCenhc;pNsl2d:j9Yuyc;pXdRYb:JKoKVe;pj82le:mg5CW;qZx2Fc:j0xrE;qaS3gd:yiLg6e;qavrXe:zQzcXe;qddgKe:d7YSfd,x4FYXe;rQSrae:C6D5Fc;sP4Vbe:VwDzFe;sTsDMc:kHVSUb;tH4IIe:Ymry6;tosKvd:ZCqP3;trZL0b:qY8PFe;uY49fb:COQbmf;uuQkY:u2V3ud;vfVwPd:lcrkwe;w3bZCb:ZPGaIb;w4rSdf:XKiZ9;w9w86d:dt4g2b;wQlYve:aLUfP;wR5FRb:O1Gjze,TtcOte;wV5Pjc:L8KGxe;whEZac:F4AmNb;xBbsrc:NEW1Qc;yGxLoc:FmAr0c;yxTchf:KUM7Z;z97YGf:oug9te;zOsCQe:Ko78Df;zaIgPb:Qtpxbd/m=B2qlPe,DhPYme,EkevXb,GU4Gab,MpJwZc,NzU6V,UUJqVe,aa,abd,async,epYOx,ms4mZb,mu,pHXghd,q0xTif,s39S4,sOXFj,sb_wiz,sf,spch?xjs=s1:28:77
ITb/<@https://www.google.com/xjs/_/js/k=xjs.hd.en.kZtgrZ1ny3c.O/ck=xjs.hd.WZoM4DOKmEM.R.F4.O/am=AAAAAAAAAAAAAAAAAAAAAAAgAAAAAACCBsIhgA0QABAAAAwQAAQAUCCCKAQwAAgEPJQJAADQBAgMgVkAUYFnCgAAJlAFAAAAAABAMAAAAAAgAACADgAAgIBGAAYgBJSAAAAAAOQBIDgAGEQQAAAAAAAAAAAAgIAnCAYXJAACAggAAAAAAAAAAAAApKTJxQAC/d=1/exm=SNUn3,cEt90b,cdos,cr,csi,d,dtl0hd,eHDfl,hsm,jsa,mb4ZUb,qddgKe,sTsDMc/ed=1/dg=2/ujg=1/rs=ACT90oHqm2IVdjZe3EXSpiMZ17IZNgi7gw/ee=AfeaP:TkrAjf;BMxAGc:E5bFse;BgS6mb:fidj5d;BjwMce:cXX2Wb;CxXAWb:YyRLvc;DULqB:RKfG5c;DpcR3d:zL72xf;EABSZ:MXZt9d;ESrPQc:mNTJvc;EVNhjf:pw70Gc;EmZ2Bf:zr1jrb;EnlcNd:WeHg4;Erl4fe:FloWmf;F9mqte:UoRcbe;Fmv9Nc:O1Tzwc;G0KhTb:LIaoZ;G6wU6e:hezEbd;GleZL:J1A7Od;HMDDWe:G8QUdb;IBADCc:RYquRb;IoGlCf:b5lhvb;JXS8fb:Qj0suc;JsbNhc:Xd8iUd;KOxcK:bFOvTc;KQzWid:ZMKkN;KcokUb:KiuZBf;KpRAue:Tia57b;LBgRLc:SdcwHb,XVMNvd;LEikZe:byfTOb,lsjVmc;LsNahb:ucGLNb;Me32dd:MEeYgc;NPKaK:SdcwHb;NSEoX:lazG7b;Np8Qkd:Dpx6qc;Nyt6ic:jn2sGd;OgagBe:cNTe0;Oj465e:KG2eXe;Pjplud:EEDORb,PoEs9b;Q1Ow7b:x5CSu;QGR0gd:Mlhmy;R4IIIb:QWfeKf;R9Ulx:CR7Ufe;SLtqO:Kh1xYe;SMDL4c:fTfGO,pnvXVc;SNUn3:ZwDk9d,x8cHvb;ShpF6e:N0pvGc;TxfV6d:YORN0b;U96pRd:FsR04;UDrY1c:eps46d;UVmjEd:EesRsb;UyG7Kb:wQd0G;V2HTTe:RolTY;VGRfx:VFqbr;VN6jIc:ddQyuf;VOcgDe:YquhTb;VsAqSb:PGf2Re;VxQ32b:k0XsBb;WCEKNd:I46Hvd;WDGyFe:jcVOxd;Wfmdue:g3MJlb;XUezZ:sa7lqb;YV5bee:IvPZ6d;ZWEUA:afR4Cf;a56pNe:JEfCwb;aAJE9c:WHW6Ef;aZ61od:arTwJ;bFZ6gf:RsDQqe;bcPXSc:gSZLJb;cEt90b:ws9Tlc;cFTWae:gT8qnd;coJ8e:KvoW8;dIoSBb:ZgGg9b;dLlj2:Qqt3Gf;daB6be:lMxGPd;dtl0hd:lLQWFe;eBAeSb:Ck63tb;eBZ5Nd:audvde;eHDfl:ofjVkb;eO3lse:nFClrf;g8nkx:U4MzKc;gaub4:TN6bMe;gtVSi:ekUOYd;h3MYod:cEt90b;hK67qb:QWEO5b;heHB1:sFczq;hjRo6e:F62sG;iFQyKf:QIhFr,vfuNJf;imqimf:jKGL2e;io8t5d:sgY6Zb;jY0zg:Q6tNgc;k2Qxcb:XY51pe;kCQyJ:ueyPK;kMFpHd:OTA3Ae;kbAm9d:MkHyGd;lkq0A:JyBE3e;lzgfYb:PI40bd;nAFL3:NTMZac,s39S4;oGtAuc:sOXFj;oSUNyd:fTfGO,pnvXVc;oUlnpc:RagDlc;okUaUd:wItadb;pKJiXd:VCenhc;pNsl2d:j9Yuyc;pXdRYb:JKoKVe;pj82le:mg5CW;qZx2Fc:j0xrE;qaS3gd:yiLg6e;qavrXe:zQzcXe;qddgKe:d7YSfd,x4FYXe;rQSrae:C6D5Fc;sP4Vbe:VwDzFe;sTsDMc:kHVSUb;tH4IIe:Ymry6;tosKvd:ZCqP3;trZL0b:qY8PFe;uY49fb:COQbmf;uuQkY:u2V3ud;vfVwPd:lcrkwe;w3bZCb:ZPGaIb;w4rSdf:XKiZ9;w9w86d:dt4g2b;wQlYve:aLUfP;wR5FRb:O1Gjze,TtcOte;wV5Pjc:L8KGxe;whEZac:F4AmNb;xBbsrc:NEW1Qc;yGxLoc:FmAr0c;yxTchf:KUM7Z;z97YGf:oug9te;zOsCQe:Ko78Df;zaIgPb:Qtpxbd/m=B2qlPe,DhPYme,EkevXb,GU4Gab,MpJwZc,NzU6V,UUJqVe,aa,abd,async,epYOx,ms4mZb,mu,pHXghd,q0xTif,s39S4,sOXFj,sb_wiz,sf,spch?xjs=s1:27:998

Dynamically enable window occlusion 1
